12-Feb-2018 12:25:54.969 INFO [main] org.apache.catalina.startup.VersionLoggerListener.log Server version:        Apache Tomcat/8.5.24
12-Feb-2018 12:25:54.978 INFO [main] org.apache.catalina.startup.VersionLoggerListener.log Server built:          Nov 27 2017 13:05:30 UTC
12-Feb-2018 12:25:54.979 INFO [main] org.apache.catalina.startup.VersionLoggerListener.log Server number:         8.5.24.0
12-Feb-2018 12:25:54.980 INFO [main] org.apache.catalina.startup.VersionLoggerListener.log OS Name:               Windows 10
12-Feb-2018 12:25:54.980 INFO [main] org.apache.catalina.startup.VersionLoggerListener.log OS Version:            10.0
12-Feb-2018 12:25:54.980 INFO [main] org.apache.catalina.startup.VersionLoggerListener.log Architecture:          amd64
12-Feb-2018 12:25:54.981 INFO [main] org.apache.catalina.startup.VersionLoggerListener.log Java Home:             C:\Program Files\Java\jdk-9.0.1
12-Feb-2018 12:25:54.981 INFO [main] org.apache.catalina.startup.VersionLoggerListener.log JVM Version:           9.0.1+11
12-Feb-2018 12:25:54.981 INFO [main] org.apache.catalina.startup.VersionLoggerListener.log JVM Vendor:            Oracle Corporation
12-Feb-2018 12:25:54.981 INFO [main] org.apache.catalina.startup.VersionLoggerListener.log CATALINA_BASE:         C:\Users\Sandra\Documents\hw\tomcat-8.5.24-8080
12-Feb-2018 12:25:54.982 INFO [main] org.apache.catalina.startup.VersionLoggerListener.log CATALINA_HOME:         C:\Users\Sandra\Documents\hw\tomcat-8.5.24-8080
12-Feb-2018 12:25:54.983 INFO [main] org.apache.catalina.startup.VersionLoggerListener.log Command line argument: --add-opens=java.base/java.lang=ALL-UNNAMED
12-Feb-2018 12:25:54.983 INFO [main] org.apache.catalina.startup.VersionLoggerListener.log Command line argument: --add-opens=java.rmi/sun.rmi.transport=ALL-UNNAMED
12-Feb-2018 12:25:54.984 INFO [main] org.apache.catalina.startup.VersionLoggerListener.log Command line argument: -Djava.util.logging.config.file=C:\Users\Sandra\Documents\hw\tomcat-8.5.24-8080/conf/logging.properties
12-Feb-2018 12:25:54.984 INFO [main] org.apache.catalina.startup.VersionLoggerListener.log Command line argument: -Djava.util.logging.manager=org.apache.juli.ClassLoaderLogManager
12-Feb-2018 12:25:54.985 INFO [main] org.apache.catalina.startup.VersionLoggerListener.log Command line argument: -Xms128m
12-Feb-2018 12:25:54.986 INFO [main] org.apache.catalina.startup.VersionLoggerListener.log Command line argument: -Xmx256m
12-Feb-2018 12:25:54.986 INFO [main] org.apache.catalina.startup.VersionLoggerListener.log Command line argument: -Djdk.tls.ephemeralDHKeySize=2048
12-Feb-2018 12:25:54.988 INFO [main] org.apache.catalina.startup.VersionLoggerListener.log Command line argument: -Djava.protocol.handler.pkgs=org.apache.catalina.webresources
12-Feb-2018 12:25:54.992 INFO [main] org.apache.catalina.startup.VersionLoggerListener.log Command line argument: -Dignore.endorsed.dirs=
12-Feb-2018 12:25:54.992 INFO [main] org.apache.catalina.startup.VersionLoggerListener.log Command line argument: -Dcatalina.base=C:\Users\Sandra\Documents\hw\tomcat-8.5.24-8080
12-Feb-2018 12:25:54.993 INFO [main] org.apache.catalina.startup.VersionLoggerListener.log Command line argument: -Dcatalina.home=C:\Users\Sandra\Documents\hw\tomcat-8.5.24-8080
12-Feb-2018 12:25:54.993 INFO [main] org.apache.catalina.startup.VersionLoggerListener.log Command line argument: -Djava.io.tmpdir=C:\Users\Sandra\Documents\hw\tomcat-8.5.24-8080\temp
12-Feb-2018 12:25:54.994 INFO [main] org.apache.catalina.core.AprLifecycleListener.lifecycleEvent The APR based Apache Tomcat Native library which allows optimal performance in production environments was not found on the java.library.path: [C:\Program Files\Java\jdk-9.0.1\bin;C:\WINDOWS\Sun\Java\bin;C:\WINDOWS\system32;C:\WINDOWS;C:\ProgramData\Oracle\Java\javapath;C:\Program Files (x86)\Intel\iCLS Client;C:\Program Files\Intel\iCLS Client;C:\WINDOWS\system32;C:\WINDOWS;C:\WINDOWS\System32\Wbem;C:\WINDOWS\System32\WindowsPowerShell\v1.0;C:\Program Files\Intel\Intel(R) Management Engine Components\DAL;C:\Program Files\Intel\Intel(R) Management Engine Components\IPT;C:\Program Files (x86)\Intel\Intel(R) Management Engine Components\DAL;C:\Program Files (x86)\Intel\Intel(R) Management Engine Components\IPT;C:\Program Files (x86)\Intel\OpenCL SDK\3.0\bin\x86;C:\Program Files (x86)\Intel\OpenCL SDK\3.0\bin\x64;C:\Program Files\Intel\WiFi\bin;C:\Program Files\Common Files\Intel\WirelessCommon;C:\Program Files (x86)\Skype\Phone;C:\cygwin64\bin;C:\Program Files\nodejs;C:\Python27;C:\Python27\Scripts;C:\Users\Sandra\AppData\Local\Programs\Python\Python36\Scripts;C:\Users\Sandra\AppData\Local\Programs\Python\Python36;C:\MinGW\bin;C:\Program Files\Java\jdk-9.0.1\bin;C:\Program Files\dotnet;C:\Program Files\Microsoft SQL Server\130\Tools\Binn;C:\Program Files\Git\cmd;C:\ApacheAnt1.10.2\bin;C:\gradle-4.5.1\bin;C:\Users\Sandra\AppData\Local\Microsoft\WindowsApps;C:\Users\Sandra\AppData\Roaming\npm;C:\Users\Sandra\AppData\Local\atom\bin;C:\Users\Sandra\AppData\Local\GitHubDesktop\bin;C:\Program Files\Heroku\bin;C:\Program Files\Docker Toolbox;C:\Users\Sandra\AppData\Local\Microsoft\WindowsApps;C:\Program Files\Microsoft VS Code\bin;.]
12-Feb-2018 12:25:55.135 INFO [main] org.apache.coyote.AbstractProtocol.init Initializing ProtocolHandler ["http-nio-8080"]
12-Feb-2018 12:25:55.692 INFO [main] org.apache.tomcat.util.net.NioSelectorPool.getSharedSelector Using a shared selector for servlet write/read
12-Feb-2018 12:25:55.717 INFO [main] org.apache.coyote.AbstractProtocol.init Initializing ProtocolHandler ["ajp-nio-8009"]
12-Feb-2018 12:25:55.736 INFO [main] org.apache.tomcat.util.net.NioSelectorPool.getSharedSelector Using a shared selector for servlet write/read
12-Feb-2018 12:25:55.737 INFO [main] org.apache.catalina.startup.Catalina.load Initialization processed in 2529 ms
12-Feb-2018 12:25:56.046 INFO [main] org.apache.catalina.core.StandardService.startInternal Starting service [Catalina]
12-Feb-2018 12:25:56.048 INFO [main] org.apache.catalina.core.StandardEngine.startInternal Starting Servlet Engine: Apache Tomcat/8.5.24
12-Feb-2018 12:25:56.131 INFO [localhost-startStop-1] org.apache.catalina.startup.HostConfig.deployDirectory Deploying web application directory [C:\Users\Sandra\Documents\hw\tomcat-8.5.24-8080\webapps\docs]
12-Feb-2018 12:25:57.665 WARNING [localhost-startStop-1] org.apache.catalina.util.SessionIdGeneratorBase.createSecureRandom Creation of SecureRandom instance for session ID generation using [SHA1PRNG] took [403] milliseconds.
12-Feb-2018 12:25:57.719 INFO [localhost-startStop-1] org.apache.catalina.startup.HostConfig.deployDirectory Deployment of web application directory [C:\Users\Sandra\Documents\hw\tomcat-8.5.24-8080\webapps\docs] has finished in [1,587] ms
12-Feb-2018 12:25:57.720 INFO [localhost-startStop-1] org.apache.catalina.startup.HostConfig.deployDirectory Deploying web application directory [C:\Users\Sandra\Documents\hw\tomcat-8.5.24-8080\webapps\examples]
12-Feb-2018 12:26:02.391 INFO [localhost-startStop-1] org.apache.catalina.startup.HostConfig.deployDirectory Deployment of web application directory [C:\Users\Sandra\Documents\hw\tomcat-8.5.24-8080\webapps\examples] has finished in [4,671] ms
12-Feb-2018 12:26:02.392 INFO [localhost-startStop-1] org.apache.catalina.startup.HostConfig.deployDirectory Deploying web application directory [C:\Users\Sandra\Documents\hw\tomcat-8.5.24-8080\webapps\host-manager]
12-Feb-2018 12:26:02.526 INFO [localhost-startStop-1] org.apache.catalina.startup.HostConfig.deployDirectory Deployment of web application directory [C:\Users\Sandra\Documents\hw\tomcat-8.5.24-8080\webapps\host-manager] has finished in [133] ms
12-Feb-2018 12:26:02.526 INFO [localhost-startStop-1] org.apache.catalina.startup.HostConfig.deployDirectory Deploying web application directory [C:\Users\Sandra\Documents\hw\tomcat-8.5.24-8080\webapps\manager]
12-Feb-2018 12:26:02.634 INFO [localhost-startStop-1] org.apache.catalina.startup.HostConfig.deployDirectory Deployment of web application directory [C:\Users\Sandra\Documents\hw\tomcat-8.5.24-8080\webapps\manager] has finished in [108] ms
12-Feb-2018 12:26:02.635 INFO [localhost-startStop-1] org.apache.catalina.startup.HostConfig.deployDirectory Deploying web application directory [C:\Users\Sandra\Documents\hw\tomcat-8.5.24-8080\webapps\ROOT]
12-Feb-2018 12:26:02.715 INFO [localhost-startStop-1] org.apache.catalina.startup.HostConfig.deployDirectory Deployment of web application directory [C:\Users\Sandra\Documents\hw\tomcat-8.5.24-8080\webapps\ROOT] has finished in [80] ms
12-Feb-2018 12:26:02.717 INFO [localhost-startStop-1] org.apache.catalina.startup.HostConfig.deployDirectory Deploying web application directory [C:\Users\Sandra\Documents\hw\tomcat-8.5.24-8080\webapps\ROOT-ORIGINAL]
12-Feb-2018 12:26:02.833 INFO [localhost-startStop-1] org.apache.catalina.startup.HostConfig.deployDirectory Deployment of web application directory [C:\Users\Sandra\Documents\hw\tomcat-8.5.24-8080\webapps\ROOT-ORIGINAL] has finished in [115] ms
12-Feb-2018 12:26:02.843 INFO [main] org.apache.coyote.AbstractProtocol.start Starting ProtocolHandler ["http-nio-8080"]
12-Feb-2018 12:26:02.873 INFO [main] org.apache.coyote.AbstractProtocol.start Starting ProtocolHandler ["ajp-nio-8009"]
12-Feb-2018 12:26:02.879 INFO [main] org.apache.catalina.startup.Catalina.start Server startup in 7140 ms
12-Feb-2018 12:26:43.361 INFO [ContainerBackgroundProcessor[StandardEngine[Catalina]]] org.apache.catalina.startup.HostConfig.undeploy Undeploying context []
12-Feb-2018 12:26:43.892 INFO [ContainerBackgroundProcessor[StandardEngine[Catalina]]] org.apache.catalina.startup.HostConfig.undeploy Undeploying context [/ROOT-ORIGINAL]
12-Feb-2018 12:26:43.907 INFO [localhost-startStop-2] org.apache.catalina.startup.HostConfig.deployDirectory Deploying web application directory [C:\Users\Sandra\Documents\hw\tomcat-8.5.24-8080\webapps\ROOT-mod]
12-Feb-2018 12:26:43.993 INFO [localhost-startStop-2] org.apache.catalina.startup.HostConfig.deployDirectory Deployment of web application directory [C:\Users\Sandra\Documents\hw\tomcat-8.5.24-8080\webapps\ROOT-mod] has finished in [86] ms
12-Feb-2018 12:26:43.993 INFO [localhost-startStop-2] org.apache.catalina.startup.HostConfig.deployDirectory Deploying web application directory [C:\Users\Sandra\Documents\hw\tomcat-8.5.24-8080\webapps\ROOT-mod2]
12-Feb-2018 12:26:44.084 INFO [localhost-startStop-2] org.apache.catalina.startup.HostConfig.deployDirectory Deployment of web application directory [C:\Users\Sandra\Documents\hw\tomcat-8.5.24-8080\webapps\ROOT-mod2] has finished in [91] ms
12-Feb-2018 12:26:54.613 INFO [ContainerBackgroundProcessor[StandardEngine[Catalina]]] org.apache.catalina.startup.HostConfig.undeploy Undeploying context [/ROOT-mod]
12-Feb-2018 12:26:55.150 INFO [ContainerBackgroundProcessor[StandardEngine[Catalina]]] org.apache.catalina.startup.HostConfig.undeploy Undeploying context [/ROOT-mod2]
12-Feb-2018 12:26:55.166 INFO [localhost-startStop-3] org.apache.catalina.startup.HostConfig.deployDirectory Deploying web application directory [C:\Users\Sandra\Documents\hw\tomcat-8.5.24-8080\webapps\ROOT]
12-Feb-2018 12:26:55.212 INFO [localhost-startStop-3] org.apache.catalina.startup.HostConfig.deployDirectory Deployment of web application directory [C:\Users\Sandra\Documents\hw\tomcat-8.5.24-8080\webapps\ROOT] has finished in [46] ms
12-Feb-2018 12:26:55.212 INFO [localhost-startStop-3] org.apache.catalina.startup.HostConfig.deployDirectory Deploying web application directory [C:\Users\Sandra\Documents\hw\tomcat-8.5.24-8080\webapps\ROOT-original]
12-Feb-2018 12:26:55.250 INFO [localhost-startStop-3] org.apache.catalina.startup.HostConfig.deployDirectory Deployment of web application directory [C:\Users\Sandra\Documents\hw\tomcat-8.5.24-8080\webapps\ROOT-original] has finished in [38] ms
12-Feb-2018 12:29:04.044 INFO [main] org.apache.catalina.core.StandardServer.await A valid shutdown command was received via the shutdown port. Stopping the Server instance.
12-Feb-2018 12:29:04.044 INFO [main] org.apache.coyote.AbstractProtocol.pause Pausing ProtocolHandler ["http-nio-8080"]
12-Feb-2018 12:29:04.307 INFO [main] org.apache.coyote.AbstractProtocol.pause Pausing ProtocolHandler ["ajp-nio-8009"]
12-Feb-2018 12:29:04.538 INFO [main] org.apache.catalina.core.StandardService.stopInternal Stopping service [Catalina]
12-Feb-2018 12:29:04.707 INFO [main] org.apache.coyote.AbstractProtocol.stop Stopping ProtocolHandler ["http-nio-8080"]
12-Feb-2018 12:29:04.707 INFO [main] org.apache.coyote.AbstractProtocol.stop Stopping ProtocolHandler ["ajp-nio-8009"]
12-Feb-2018 12:29:04.707 INFO [main] org.apache.coyote.AbstractProtocol.destroy Destroying ProtocolHandler ["http-nio-8080"]
12-Feb-2018 12:29:04.723 INFO [main] org.apache.coyote.AbstractProtocol.destroy Destroying ProtocolHandler ["ajp-nio-8009"]
12-Feb-2018 12:29:46.269 INFO [main] org.apache.catalina.startup.VersionLoggerListener.log Server version:        Apache Tomcat/8.5.24
12-Feb-2018 12:29:46.277 INFO [main] org.apache.catalina.startup.VersionLoggerListener.log Server built:          Nov 27 2017 13:05:30 UTC
12-Feb-2018 12:29:46.278 INFO [main] org.apache.catalina.startup.VersionLoggerListener.log Server number:         8.5.24.0
12-Feb-2018 12:29:46.278 INFO [main] org.apache.catalina.startup.VersionLoggerListener.log OS Name:               Windows 10
12-Feb-2018 12:29:46.278 INFO [main] org.apache.catalina.startup.VersionLoggerListener.log OS Version:            10.0
12-Feb-2018 12:29:46.279 INFO [main] org.apache.catalina.startup.VersionLoggerListener.log Architecture:          amd64
12-Feb-2018 12:29:46.279 INFO [main] org.apache.catalina.startup.VersionLoggerListener.log Java Home:             C:\Program Files\Java\jdk-9.0.1
12-Feb-2018 12:29:46.280 INFO [main] org.apache.catalina.startup.VersionLoggerListener.log JVM Version:           9.0.1+11
12-Feb-2018 12:29:46.280 INFO [main] org.apache.catalina.startup.VersionLoggerListener.log JVM Vendor:            Oracle Corporation
12-Feb-2018 12:29:46.280 INFO [main] org.apache.catalina.startup.VersionLoggerListener.log CATALINA_BASE:         C:\Users\Sandra\Documents\hw\tomcat-8.5.24-8080
12-Feb-2018 12:29:46.281 INFO [main] org.apache.catalina.startup.VersionLoggerListener.log CATALINA_HOME:         C:\Users\Sandra\Documents\hw\tomcat-8.5.24-8080
12-Feb-2018 12:29:46.282 INFO [main] org.apache.catalina.startup.VersionLoggerListener.log Command line argument: --add-opens=java.base/java.lang=ALL-UNNAMED
12-Feb-2018 12:29:46.282 INFO [main] org.apache.catalina.startup.VersionLoggerListener.log Command line argument: --add-opens=java.rmi/sun.rmi.transport=ALL-UNNAMED
12-Feb-2018 12:29:46.283 INFO [main] org.apache.catalina.startup.VersionLoggerListener.log Command line argument: -Djava.util.logging.config.file=C:\Users\Sandra\Documents\hw\tomcat-8.5.24-8080/conf/logging.properties
12-Feb-2018 12:29:46.283 INFO [main] org.apache.catalina.startup.VersionLoggerListener.log Command line argument: -Djava.util.logging.manager=org.apache.juli.ClassLoaderLogManager
12-Feb-2018 12:29:46.283 INFO [main] org.apache.catalina.startup.VersionLoggerListener.log Command line argument: -Xms128m
12-Feb-2018 12:29:46.284 INFO [main] org.apache.catalina.startup.VersionLoggerListener.log Command line argument: -Xmx256m
12-Feb-2018 12:29:46.284 INFO [main] org.apache.catalina.startup.VersionLoggerListener.log Command line argument: -Djdk.tls.ephemeralDHKeySize=2048
12-Feb-2018 12:29:46.286 INFO [main] org.apache.catalina.startup.VersionLoggerListener.log Command line argument: -Djava.protocol.handler.pkgs=org.apache.catalina.webresources
12-Feb-2018 12:29:46.287 INFO [main] org.apache.catalina.startup.VersionLoggerListener.log Command line argument: -Dignore.endorsed.dirs=
12-Feb-2018 12:29:46.288 INFO [main] org.apache.catalina.startup.VersionLoggerListener.log Command line argument: -Dcatalina.base=C:\Users\Sandra\Documents\hw\tomcat-8.5.24-8080
12-Feb-2018 12:29:46.288 INFO [main] org.apache.catalina.startup.VersionLoggerListener.log Command line argument: -Dcatalina.home=C:\Users\Sandra\Documents\hw\tomcat-8.5.24-8080
12-Feb-2018 12:29:46.288 INFO [main] org.apache.catalina.startup.VersionLoggerListener.log Command line argument: -Djava.io.tmpdir=C:\Users\Sandra\Documents\hw\tomcat-8.5.24-8080\temp
12-Feb-2018 12:29:46.289 INFO [main] org.apache.catalina.core.AprLifecycleListener.lifecycleEvent The APR based Apache Tomcat Native library which allows optimal performance in production environments was not found on the java.library.path: [C:\Program Files\Java\jdk-9.0.1\bin;C:\WINDOWS\Sun\Java\bin;C:\WINDOWS\system32;C:\WINDOWS;C:\ProgramData\Oracle\Java\javapath;C:\Program Files (x86)\Intel\iCLS Client;C:\Program Files\Intel\iCLS Client;C:\WINDOWS\system32;C:\WINDOWS;C:\WINDOWS\System32\Wbem;C:\WINDOWS\System32\WindowsPowerShell\v1.0;C:\Program Files\Intel\Intel(R) Management Engine Components\DAL;C:\Program Files\Intel\Intel(R) Management Engine Components\IPT;C:\Program Files (x86)\Intel\Intel(R) Management Engine Components\DAL;C:\Program Files (x86)\Intel\Intel(R) Management Engine Components\IPT;C:\Program Files (x86)\Intel\OpenCL SDK\3.0\bin\x86;C:\Program Files (x86)\Intel\OpenCL SDK\3.0\bin\x64;C:\Program Files\Intel\WiFi\bin;C:\Program Files\Common Files\Intel\WirelessCommon;C:\Program Files (x86)\Skype\Phone;C:\cygwin64\bin;C:\Program Files\nodejs;C:\Python27;C:\Python27\Scripts;C:\Users\Sandra\AppData\Local\Programs\Python\Python36\Scripts;C:\Users\Sandra\AppData\Local\Programs\Python\Python36;C:\MinGW\bin;C:\Program Files\Java\jdk-9.0.1\bin;C:\Program Files\dotnet;C:\Program Files\Microsoft SQL Server\130\Tools\Binn;C:\Program Files\Git\cmd;C:\ApacheAnt1.10.2\bin;C:\gradle-4.5.1\bin;C:\Users\Sandra\AppData\Local\Microsoft\WindowsApps;C:\Users\Sandra\AppData\Roaming\npm;C:\Users\Sandra\AppData\Local\atom\bin;C:\Users\Sandra\AppData\Local\GitHubDesktop\bin;C:\Program Files\Heroku\bin;C:\Program Files\Docker Toolbox;C:\Users\Sandra\AppData\Local\Microsoft\WindowsApps;C:\Program Files\Microsoft VS Code\bin;.]
12-Feb-2018 12:29:46.402 INFO [main] org.apache.coyote.AbstractProtocol.init Initializing ProtocolHandler ["http-nio-8080"]
12-Feb-2018 12:29:46.741 INFO [main] org.apache.tomcat.util.net.NioSelectorPool.getSharedSelector Using a shared selector for servlet write/read
12-Feb-2018 12:29:46.762 INFO [main] org.apache.coyote.AbstractProtocol.init Initializing ProtocolHandler ["ajp-nio-8009"]
12-Feb-2018 12:29:46.769 INFO [main] org.apache.tomcat.util.net.NioSelectorPool.getSharedSelector Using a shared selector for servlet write/read
12-Feb-2018 12:29:46.769 INFO [main] org.apache.catalina.startup.Catalina.load Initialization processed in 1978 ms
12-Feb-2018 12:29:47.042 INFO [main] org.apache.catalina.core.StandardService.startInternal Starting service [Catalina]
12-Feb-2018 12:29:47.043 INFO [main] org.apache.catalina.core.StandardEngine.startInternal Starting Servlet Engine: Apache Tomcat/8.5.24
12-Feb-2018 12:29:47.067 INFO [localhost-startStop-1] org.apache.catalina.startup.HostConfig.deployDirectory Deploying web application directory [C:\Users\Sandra\Documents\hw\tomcat-8.5.24-8080\webapps\docs]
12-Feb-2018 12:29:48.453 WARNING [localhost-startStop-1] org.apache.catalina.util.SessionIdGeneratorBase.createSecureRandom Creation of SecureRandom instance for session ID generation using [SHA1PRNG] took [488] milliseconds.
12-Feb-2018 12:29:48.524 INFO [localhost-startStop-1] org.apache.catalina.startup.HostConfig.deployDirectory Deployment of web application directory [C:\Users\Sandra\Documents\hw\tomcat-8.5.24-8080\webapps\docs] has finished in [1,457] ms
12-Feb-2018 12:29:48.525 INFO [localhost-startStop-1] org.apache.catalina.startup.HostConfig.deployDirectory Deploying web application directory [C:\Users\Sandra\Documents\hw\tomcat-8.5.24-8080\webapps\examples]
12-Feb-2018 12:29:50.701 INFO [localhost-startStop-1] org.apache.catalina.startup.HostConfig.deployDirectory Deployment of web application directory [C:\Users\Sandra\Documents\hw\tomcat-8.5.24-8080\webapps\examples] has finished in [2,175] ms
12-Feb-2018 12:29:50.701 INFO [localhost-startStop-1] org.apache.catalina.startup.HostConfig.deployDirectory Deploying web application directory [C:\Users\Sandra\Documents\hw\tomcat-8.5.24-8080\webapps\host-manager]
12-Feb-2018 12:29:51.092 INFO [localhost-startStop-1] org.apache.catalina.startup.HostConfig.deployDirectory Deployment of web application directory [C:\Users\Sandra\Documents\hw\tomcat-8.5.24-8080\webapps\host-manager] has finished in [391] ms
12-Feb-2018 12:29:51.095 INFO [localhost-startStop-1] org.apache.catalina.startup.HostConfig.deployDirectory Deploying web application directory [C:\Users\Sandra\Documents\hw\tomcat-8.5.24-8080\webapps\manager]
12-Feb-2018 12:29:51.461 INFO [localhost-startStop-1] org.apache.catalina.startup.HostConfig.deployDirectory Deployment of web application directory [C:\Users\Sandra\Documents\hw\tomcat-8.5.24-8080\webapps\manager] has finished in [366] ms
12-Feb-2018 12:29:51.461 INFO [localhost-startStop-1] org.apache.catalina.startup.HostConfig.deployDirectory Deploying web application directory [C:\Users\Sandra\Documents\hw\tomcat-8.5.24-8080\webapps\ROOT]
12-Feb-2018 12:29:51.553 INFO [localhost-startStop-1] org.apache.catalina.startup.HostConfig.deployDirectory Deployment of web application directory [C:\Users\Sandra\Documents\hw\tomcat-8.5.24-8080\webapps\ROOT] has finished in [92] ms
12-Feb-2018 12:29:51.554 INFO [localhost-startStop-1] org.apache.catalina.startup.HostConfig.deployDirectory Deploying web application directory [C:\Users\Sandra\Documents\hw\tomcat-8.5.24-8080\webapps\ROOT-original]
12-Feb-2018 12:29:51.796 INFO [localhost-startStop-1] org.apache.catalina.startup.HostConfig.deployDirectory Deployment of web application directory [C:\Users\Sandra\Documents\hw\tomcat-8.5.24-8080\webapps\ROOT-original] has finished in [242] ms
12-Feb-2018 12:29:51.903 INFO [main] org.apache.coyote.AbstractProtocol.start Starting ProtocolHandler ["http-nio-8080"]
12-Feb-2018 12:29:51.925 INFO [main] org.apache.coyote.AbstractProtocol.start Starting ProtocolHandler ["ajp-nio-8009"]
12-Feb-2018 12:29:51.931 INFO [main] org.apache.catalina.startup.Catalina.start Server startup in 5158 ms
12-Feb-2018 12:36:53.632 INFO [main] org.apache.catalina.core.StandardServer.await A valid shutdown command was received via the shutdown port. Stopping the Server instance.
12-Feb-2018 12:36:53.648 INFO [main] org.apache.coyote.AbstractProtocol.pause Pausing ProtocolHandler ["http-nio-8080"]
12-Feb-2018 12:36:53.916 INFO [main] org.apache.coyote.AbstractProtocol.pause Pausing ProtocolHandler ["ajp-nio-8009"]
12-Feb-2018 12:36:54.164 INFO [main] org.apache.catalina.core.StandardService.stopInternal Stopping service [Catalina]
12-Feb-2018 12:36:54.264 INFO [main] org.apache.coyote.AbstractProtocol.stop Stopping ProtocolHandler ["http-nio-8080"]
12-Feb-2018 12:36:54.286 INFO [main] org.apache.coyote.AbstractProtocol.stop Stopping ProtocolHandler ["ajp-nio-8009"]
12-Feb-2018 12:36:54.286 INFO [main] org.apache.coyote.AbstractProtocol.destroy Destroying ProtocolHandler ["http-nio-8080"]
12-Feb-2018 12:36:54.286 INFO [main] org.apache.coyote.AbstractProtocol.destroy Destroying ProtocolHandler ["ajp-nio-8009"]
12-Feb-2018 12:44:31.298 INFO [main] org.apache.catalina.startup.VersionLoggerListener.log Server version:        Apache Tomcat/8.5.24
12-Feb-2018 12:44:31.306 INFO [main] org.apache.catalina.startup.VersionLoggerListener.log Server built:          Nov 27 2017 13:05:30 UTC
12-Feb-2018 12:44:31.307 INFO [main] org.apache.catalina.startup.VersionLoggerListener.log Server number:         8.5.24.0
12-Feb-2018 12:44:31.307 INFO [main] org.apache.catalina.startup.VersionLoggerListener.log OS Name:               Windows 10
12-Feb-2018 12:44:31.307 INFO [main] org.apache.catalina.startup.VersionLoggerListener.log OS Version:            10.0
12-Feb-2018 12:44:31.309 INFO [main] org.apache.catalina.startup.VersionLoggerListener.log Architecture:          amd64
12-Feb-2018 12:44:31.309 INFO [main] org.apache.catalina.startup.VersionLoggerListener.log Java Home:             C:\Program Files\Java\jdk-9.0.1
12-Feb-2018 12:44:31.310 INFO [main] org.apache.catalina.startup.VersionLoggerListener.log JVM Version:           9.0.1+11
12-Feb-2018 12:44:31.311 INFO [main] org.apache.catalina.startup.VersionLoggerListener.log JVM Vendor:            Oracle Corporation
12-Feb-2018 12:44:31.311 INFO [main] org.apache.catalina.startup.VersionLoggerListener.log CATALINA_BASE:         C:\Users\Sandra\Documents\hw\tomcat-8.5.24-8080
12-Feb-2018 12:44:31.311 INFO [main] org.apache.catalina.startup.VersionLoggerListener.log CATALINA_HOME:         C:\Users\Sandra\Documents\hw\tomcat-8.5.24-8080
12-Feb-2018 12:44:31.312 INFO [main] org.apache.catalina.startup.VersionLoggerListener.log Command line argument: --add-opens=java.base/java.lang=ALL-UNNAMED
12-Feb-2018 12:44:31.312 INFO [main] org.apache.catalina.startup.VersionLoggerListener.log Command line argument: --add-opens=java.rmi/sun.rmi.transport=ALL-UNNAMED
12-Feb-2018 12:44:31.312 INFO [main] org.apache.catalina.startup.VersionLoggerListener.log Command line argument: -Djava.util.logging.config.file=C:\Users\Sandra\Documents\hw\tomcat-8.5.24-8080/conf/logging.properties
12-Feb-2018 12:44:31.313 INFO [main] org.apache.catalina.startup.VersionLoggerListener.log Command line argument: -Djava.util.logging.manager=org.apache.juli.ClassLoaderLogManager
12-Feb-2018 12:44:31.314 INFO [main] org.apache.catalina.startup.VersionLoggerListener.log Command line argument: -Xms128m
12-Feb-2018 12:44:31.314 INFO [main] org.apache.catalina.startup.VersionLoggerListener.log Command line argument: -Xmx256m
12-Feb-2018 12:44:31.314 INFO [main] org.apache.catalina.startup.VersionLoggerListener.log Command line argument: -Djdk.tls.ephemeralDHKeySize=2048
12-Feb-2018 12:44:31.315 INFO [main] org.apache.catalina.startup.VersionLoggerListener.log Command line argument: -Djava.protocol.handler.pkgs=org.apache.catalina.webresources
12-Feb-2018 12:44:31.315 INFO [main] org.apache.catalina.startup.VersionLoggerListener.log Command line argument: -Dignore.endorsed.dirs=
12-Feb-2018 12:44:31.315 INFO [main] org.apache.catalina.startup.VersionLoggerListener.log Command line argument: -Dcatalina.base=C:\Users\Sandra\Documents\hw\tomcat-8.5.24-8080
12-Feb-2018 12:44:31.315 INFO [main] org.apache.catalina.startup.VersionLoggerListener.log Command line argument: -Dcatalina.home=C:\Users\Sandra\Documents\hw\tomcat-8.5.24-8080
12-Feb-2018 12:44:31.316 INFO [main] org.apache.catalina.startup.VersionLoggerListener.log Command line argument: -Djava.io.tmpdir=C:\Users\Sandra\Documents\hw\tomcat-8.5.24-8080\temp
12-Feb-2018 12:44:31.316 INFO [main] org.apache.catalina.core.AprLifecycleListener.lifecycleEvent The APR based Apache Tomcat Native library which allows optimal performance in production environments was not found on the java.library.path: [C:\Program Files\Java\jdk-9.0.1\bin;C:\WINDOWS\Sun\Java\bin;C:\WINDOWS\system32;C:\WINDOWS;C:\ProgramData\Oracle\Java\javapath;C:\Program Files (x86)\Intel\iCLS Client;C:\Program Files\Intel\iCLS Client;C:\WINDOWS\system32;C:\WINDOWS;C:\WINDOWS\System32\Wbem;C:\WINDOWS\System32\WindowsPowerShell\v1.0;C:\Program Files\Intel\Intel(R) Management Engine Components\DAL;C:\Program Files\Intel\Intel(R) Management Engine Components\IPT;C:\Program Files (x86)\Intel\Intel(R) Management Engine Components\DAL;C:\Program Files (x86)\Intel\Intel(R) Management Engine Components\IPT;C:\Program Files (x86)\Intel\OpenCL SDK\3.0\bin\x86;C:\Program Files (x86)\Intel\OpenCL SDK\3.0\bin\x64;C:\Program Files\Intel\WiFi\bin;C:\Program Files\Common Files\Intel\WirelessCommon;C:\Program Files (x86)\Skype\Phone;C:\cygwin64\bin;C:\Program Files\nodejs;C:\Python27;C:\Python27\Scripts;C:\Users\Sandra\AppData\Local\Programs\Python\Python36\Scripts;C:\Users\Sandra\AppData\Local\Programs\Python\Python36;C:\MinGW\bin;C:\Program Files\Java\jdk-9.0.1\bin;C:\Program Files\dotnet;C:\Program Files\Microsoft SQL Server\130\Tools\Binn;C:\Program Files\Git\cmd;C:\ApacheAnt1.10.2\bin;C:\gradle-4.5.1\bin;C:\Users\Sandra\AppData\Local\Microsoft\WindowsApps;C:\Users\Sandra\AppData\Roaming\npm;C:\Users\Sandra\AppData\Local\atom\bin;C:\Users\Sandra\AppData\Local\GitHubDesktop\bin;C:\Program Files\Heroku\bin;C:\Program Files\Docker Toolbox;C:\Users\Sandra\AppData\Local\Microsoft\WindowsApps;C:\Program Files\Microsoft VS Code\bin;.]
12-Feb-2018 12:44:31.466 INFO [main] org.apache.coyote.AbstractProtocol.init Initializing ProtocolHandler ["http-nio-8080"]
12-Feb-2018 12:44:31.817 INFO [main] org.apache.tomcat.util.net.NioSelectorPool.getSharedSelector Using a shared selector for servlet write/read
12-Feb-2018 12:44:31.849 INFO [main] org.apache.coyote.AbstractProtocol.init Initializing ProtocolHandler ["ajp-nio-8009"]
12-Feb-2018 12:44:31.860 INFO [main] org.apache.tomcat.util.net.NioSelectorPool.getSharedSelector Using a shared selector for servlet write/read
12-Feb-2018 12:44:31.861 INFO [main] org.apache.catalina.startup.Catalina.load Initialization processed in 2201 ms
12-Feb-2018 12:44:32.086 INFO [main] org.apache.catalina.core.StandardService.startInternal Starting service [Catalina]
12-Feb-2018 12:44:32.087 INFO [main] org.apache.catalina.core.StandardEngine.startInternal Starting Servlet Engine: Apache Tomcat/8.5.24
12-Feb-2018 12:44:32.132 INFO [localhost-startStop-1] org.apache.catalina.startup.HostConfig.deployDirectory Deploying web application directory [C:\Users\Sandra\Documents\hw\tomcat-8.5.24-8080\webapps\docs]
12-Feb-2018 12:44:33.492 WARNING [localhost-startStop-1] org.apache.catalina.util.SessionIdGeneratorBase.createSecureRandom Creation of SecureRandom instance for session ID generation using [SHA1PRNG] took [280] milliseconds.
12-Feb-2018 12:44:33.537 INFO [localhost-startStop-1] org.apache.catalina.startup.HostConfig.deployDirectory Deployment of web application directory [C:\Users\Sandra\Documents\hw\tomcat-8.5.24-8080\webapps\docs] has finished in [1,404] ms
12-Feb-2018 12:44:33.537 INFO [localhost-startStop-1] org.apache.catalina.startup.HostConfig.deployDirectory Deploying web application directory [C:\Users\Sandra\Documents\hw\tomcat-8.5.24-8080\webapps\examples]
12-Feb-2018 12:44:34.953 INFO [localhost-startStop-1] org.apache.catalina.startup.HostConfig.deployDirectory Deployment of web application directory [C:\Users\Sandra\Documents\hw\tomcat-8.5.24-8080\webapps\examples] has finished in [1,416] ms
12-Feb-2018 12:44:34.954 INFO [localhost-startStop-1] org.apache.catalina.startup.HostConfig.deployDirectory Deploying web application directory [C:\Users\Sandra\Documents\hw\tomcat-8.5.24-8080\webapps\host-manager]
12-Feb-2018 12:44:35.077 INFO [localhost-startStop-1] org.apache.catalina.startup.HostConfig.deployDirectory Deployment of web application directory [C:\Users\Sandra\Documents\hw\tomcat-8.5.24-8080\webapps\host-manager] has finished in [123] ms
12-Feb-2018 12:44:35.078 INFO [localhost-startStop-1] org.apache.catalina.startup.HostConfig.deployDirectory Deploying web application directory [C:\Users\Sandra\Documents\hw\tomcat-8.5.24-8080\webapps\manager]
12-Feb-2018 12:44:35.257 INFO [localhost-startStop-1] org.apache.catalina.startup.HostConfig.deployDirectory Deployment of web application directory [C:\Users\Sandra\Documents\hw\tomcat-8.5.24-8080\webapps\manager] has finished in [178] ms
12-Feb-2018 12:44:35.258 INFO [localhost-startStop-1] org.apache.catalina.startup.HostConfig.deployDirectory Deploying web application directory [C:\Users\Sandra\Documents\hw\tomcat-8.5.24-8080\webapps\ROOT]
12-Feb-2018 12:44:35.367 INFO [localhost-startStop-1] org.apache.catalina.startup.HostConfig.deployDirectory Deployment of web application directory [C:\Users\Sandra\Documents\hw\tomcat-8.5.24-8080\webapps\ROOT] has finished in [109] ms
12-Feb-2018 12:44:35.369 INFO [localhost-startStop-1] org.apache.catalina.startup.HostConfig.deployDirectory Deploying web application directory [C:\Users\Sandra\Documents\hw\tomcat-8.5.24-8080\webapps\ROOT-original]
12-Feb-2018 12:44:35.512 INFO [localhost-startStop-1] org.apache.catalina.startup.HostConfig.deployDirectory Deployment of web application directory [C:\Users\Sandra\Documents\hw\tomcat-8.5.24-8080\webapps\ROOT-original] has finished in [143] ms
12-Feb-2018 12:44:35.584 INFO [main] org.apache.coyote.AbstractProtocol.start Starting ProtocolHandler ["http-nio-8080"]
12-Feb-2018 12:44:35.609 INFO [main] org.apache.coyote.AbstractProtocol.start Starting ProtocolHandler ["ajp-nio-8009"]
12-Feb-2018 12:44:35.616 INFO [main] org.apache.catalina.startup.Catalina.start Server startup in 3754 ms
12-Feb-2018 12:45:18.167 INFO [main] org.apache.catalina.core.StandardServer.await A valid shutdown command was received via the shutdown port. Stopping the Server instance.
12-Feb-2018 12:45:18.167 INFO [main] org.apache.coyote.AbstractProtocol.pause Pausing ProtocolHandler ["http-nio-8080"]
12-Feb-2018 12:45:18.425 INFO [main] org.apache.coyote.AbstractProtocol.pause Pausing ProtocolHandler ["ajp-nio-8009"]
12-Feb-2018 12:45:18.662 INFO [main] org.apache.catalina.core.StandardService.stopInternal Stopping service [Catalina]
12-Feb-2018 12:45:18.763 INFO [main] org.apache.coyote.AbstractProtocol.stop Stopping ProtocolHandler ["http-nio-8080"]
12-Feb-2018 12:45:18.778 INFO [main] org.apache.coyote.AbstractProtocol.stop Stopping ProtocolHandler ["ajp-nio-8009"]
12-Feb-2018 12:45:18.778 INFO [main] org.apache.coyote.AbstractProtocol.destroy Destroying ProtocolHandler ["http-nio-8080"]
12-Feb-2018 12:45:18.778 INFO [main] org.apache.coyote.AbstractProtocol.destroy Destroying ProtocolHandler ["ajp-nio-8009"]
