06-Jan-2018 16:49:51.055 INFO [main] org.apache.catalina.startup.VersionLoggerListener.log Server version:        Apache Tomcat/8.5.24
06-Jan-2018 16:49:51.055 INFO [main] org.apache.catalina.startup.VersionLoggerListener.log Server built:          Nov 27 2017 13:05:30 UTC
06-Jan-2018 16:49:51.055 INFO [main] org.apache.catalina.startup.VersionLoggerListener.log Server number:         8.5.24.0
06-Jan-2018 16:49:51.055 INFO [main] org.apache.catalina.startup.VersionLoggerListener.log OS Name:               Windows 10
06-Jan-2018 16:49:51.055 INFO [main] org.apache.catalina.startup.VersionLoggerListener.log OS Version:            10.0
06-Jan-2018 16:49:51.055 INFO [main] org.apache.catalina.startup.VersionLoggerListener.log Architecture:          amd64
06-Jan-2018 16:49:51.060 INFO [main] org.apache.catalina.startup.VersionLoggerListener.log Java Home:             c:\Java9
06-Jan-2018 16:49:51.060 INFO [main] org.apache.catalina.startup.VersionLoggerListener.log JVM Version:           9.0.1+11
06-Jan-2018 16:49:51.060 INFO [main] org.apache.catalina.startup.VersionLoggerListener.log JVM Vendor:            Oracle Corporation
06-Jan-2018 16:49:51.060 INFO [main] org.apache.catalina.startup.VersionLoggerListener.log CATALINA_BASE:         D:\tomcat-8.5.24-8080
06-Jan-2018 16:49:51.060 INFO [main] org.apache.catalina.startup.VersionLoggerListener.log CATALINA_HOME:         D:\tomcat-8.5.24-8080
06-Jan-2018 16:49:51.060 INFO [main] org.apache.catalina.startup.VersionLoggerListener.log Command line argument: --add-opens=java.base/java.lang=ALL-UNNAMED
06-Jan-2018 16:49:51.060 INFO [main] org.apache.catalina.startup.VersionLoggerListener.log Command line argument: --add-opens=java.rmi/sun.rmi.transport=ALL-UNNAMED
06-Jan-2018 16:49:51.060 INFO [main] org.apache.catalina.startup.VersionLoggerListener.log Command line argument: -Djava.util.logging.config.file=D:\tomcat-8.5.24-8080\conf\logging.properties
06-Jan-2018 16:49:51.060 INFO [main] org.apache.catalina.startup.VersionLoggerListener.log Command line argument: -Djava.util.logging.manager=org.apache.juli.ClassLoaderLogManager
06-Jan-2018 16:49:51.060 INFO [main] org.apache.catalina.startup.VersionLoggerListener.log Command line argument: -Djdk.tls.ephemeralDHKeySize=2048
06-Jan-2018 16:49:51.060 INFO [main] org.apache.catalina.startup.VersionLoggerListener.log Command line argument: -Djava.protocol.handler.pkgs=org.apache.catalina.webresources
06-Jan-2018 16:49:51.065 INFO [main] org.apache.catalina.startup.VersionLoggerListener.log Command line argument: -Dignore.endorsed.dirs=
06-Jan-2018 16:49:51.065 INFO [main] org.apache.catalina.startup.VersionLoggerListener.log Command line argument: -Dcatalina.base=D:\tomcat-8.5.24-8080
06-Jan-2018 16:49:51.070 INFO [main] org.apache.catalina.startup.VersionLoggerListener.log Command line argument: -Dcatalina.home=D:\tomcat-8.5.24-8080
06-Jan-2018 16:49:51.070 INFO [main] org.apache.catalina.startup.VersionLoggerListener.log Command line argument: -Djava.io.tmpdir=D:\tomcat-8.5.24-8080\temp
06-Jan-2018 16:49:51.070 INFO [main] org.apache.catalina.core.AprLifecycleListener.lifecycleEvent The APR based Apache Tomcat Native library which allows optimal performance in production environments was not found on the java.library.path: [c:\Java9\bin;C:\windows\Sun\Java\bin;C:\windows\system32;C:\windows;C:\ProgramData\Oracle\Java\javapath;C:\windows\system32;C:\windows;C:\windows\System32\Wbem;C:\windows\System32\WindowsPowerShell\v1.0\;C:\Program Files (x86)\Skype\Phone\;.]
06-Jan-2018 16:49:51.131 INFO [main] org.apache.coyote.AbstractProtocol.init Initializing ProtocolHandler ["http-nio-8080"]
06-Jan-2018 16:49:51.186 INFO [main] org.apache.tomcat.util.net.NioSelectorPool.getSharedSelector Using a shared selector for servlet write/read
06-Jan-2018 16:49:51.190 INFO [main] org.apache.coyote.AbstractProtocol.init Initializing ProtocolHandler ["ajp-nio-8009"]
06-Jan-2018 16:49:51.195 INFO [main] org.apache.tomcat.util.net.NioSelectorPool.getSharedSelector Using a shared selector for servlet write/read
06-Jan-2018 16:49:51.195 INFO [main] org.apache.catalina.startup.Catalina.load Initialization processed in 662 ms
06-Jan-2018 16:49:51.265 INFO [main] org.apache.catalina.core.StandardService.startInternal Starting service [Catalina]
06-Jan-2018 16:49:51.270 INFO [main] org.apache.catalina.core.StandardEngine.startInternal Starting Servlet Engine: Apache Tomcat/8.5.24
06-Jan-2018 16:49:51.290 INFO [localhost-startStop-1] org.apache.catalina.startup.HostConfig.deployDirectory Deploying web application directory [D:\tomcat-8.5.24-8080\webapps\docs]
06-Jan-2018 16:49:52.363 INFO [localhost-startStop-1] org.apache.catalina.startup.HostConfig.deployDirectory Deployment of web application directory [D:\tomcat-8.5.24-8080\webapps\docs] has finished in [1,073] ms
06-Jan-2018 16:49:52.363 INFO [localhost-startStop-1] org.apache.catalina.startup.HostConfig.deployDirectory Deploying web application directory [D:\tomcat-8.5.24-8080\webapps\examples]
06-Jan-2018 16:49:54.331 INFO [localhost-startStop-1] org.apache.catalina.startup.HostConfig.deployDirectory Deployment of web application directory [D:\tomcat-8.5.24-8080\webapps\examples] has finished in [1,968] ms
06-Jan-2018 16:49:54.331 INFO [localhost-startStop-1] org.apache.catalina.startup.HostConfig.deployDirectory Deploying web application directory [D:\tomcat-8.5.24-8080\webapps\host-manager]
06-Jan-2018 16:49:54.407 INFO [localhost-startStop-1] org.apache.catalina.startup.HostConfig.deployDirectory Deployment of web application directory [D:\tomcat-8.5.24-8080\webapps\host-manager] has finished in [76] ms
06-Jan-2018 16:49:54.407 INFO [localhost-startStop-1] org.apache.catalina.startup.HostConfig.deployDirectory Deploying web application directory [D:\tomcat-8.5.24-8080\webapps\manager]
06-Jan-2018 16:49:54.467 INFO [localhost-startStop-1] org.apache.catalina.startup.HostConfig.deployDirectory Deployment of web application directory [D:\tomcat-8.5.24-8080\webapps\manager] has finished in [60] ms
06-Jan-2018 16:49:54.467 INFO [localhost-startStop-1] org.apache.catalina.startup.HostConfig.deployDirectory Deploying web application directory [D:\tomcat-8.5.24-8080\webapps\ROOT]
06-Jan-2018 16:49:54.517 INFO [localhost-startStop-1] org.apache.catalina.startup.HostConfig.deployDirectory Deployment of web application directory [D:\tomcat-8.5.24-8080\webapps\ROOT] has finished in [50] ms
06-Jan-2018 16:49:54.522 INFO [main] org.apache.coyote.AbstractProtocol.start Starting ProtocolHandler ["http-nio-8080"]
06-Jan-2018 16:49:54.532 INFO [main] org.apache.coyote.AbstractProtocol.start Starting ProtocolHandler ["ajp-nio-8009"]
06-Jan-2018 16:49:54.537 INFO [main] org.apache.catalina.startup.Catalina.start Server startup in 3339 ms
06-Jan-2018 16:51:13.722 INFO [Thread-4] org.apache.coyote.AbstractProtocol.pause Pausing ProtocolHandler ["http-nio-8080"]
06-Jan-2018 16:51:13.742 INFO [Thread-4] org.apache.coyote.AbstractProtocol.pause Pausing ProtocolHandler ["ajp-nio-8009"]
06-Jan-2018 16:51:13.812 INFO [Thread-4] org.apache.catalina.core.StandardService.stopInternal Stopping service [Catalina]
06-Jan-2018 16:51:14.453 INFO [Thread-4] org.apache.coyote.AbstractProtocol.stop Stopping ProtocolHandler ["http-nio-8080"]
06-Jan-2018 16:51:14.453 INFO [Thread-4] org.apache.coyote.AbstractProtocol.stop Stopping ProtocolHandler ["ajp-nio-8009"]
06-Jan-2018 16:51:14.458 INFO [Thread-4] org.apache.coyote.AbstractProtocol.destroy Destroying ProtocolHandler ["http-nio-8080"]
06-Jan-2018 16:51:14.458 INFO [Thread-4] org.apache.coyote.AbstractProtocol.destroy Destroying ProtocolHandler ["ajp-nio-8009"]
06-Jan-2018 17:21:20.970 INFO [main] org.apache.catalina.startup.VersionLoggerListener.log Server version:        Apache Tomcat/8.5.24
06-Jan-2018 17:21:20.986 INFO [main] org.apache.catalina.startup.VersionLoggerListener.log Server built:          Nov 27 2017 13:05:30 UTC
06-Jan-2018 17:21:20.986 INFO [main] org.apache.catalina.startup.VersionLoggerListener.log Server number:         8.5.24.0
06-Jan-2018 17:21:20.986 INFO [main] org.apache.catalina.startup.VersionLoggerListener.log OS Name:               Windows 10
06-Jan-2018 17:21:20.986 INFO [main] org.apache.catalina.startup.VersionLoggerListener.log OS Version:            10.0
06-Jan-2018 17:21:20.986 INFO [main] org.apache.catalina.startup.VersionLoggerListener.log Architecture:          amd64
06-Jan-2018 17:21:20.986 INFO [main] org.apache.catalina.startup.VersionLoggerListener.log Java Home:             C:\usr\Java\jdk1.8.0_71\jre
06-Jan-2018 17:21:20.986 INFO [main] org.apache.catalina.startup.VersionLoggerListener.log JVM Version:           1.8.0_71-b15
06-Jan-2018 17:21:20.986 INFO [main] org.apache.catalina.startup.VersionLoggerListener.log JVM Vendor:            Oracle Corporation
06-Jan-2018 17:21:20.986 INFO [main] org.apache.catalina.startup.VersionLoggerListener.log CATALINA_BASE:         D:\tomcat-8.5.24-8080
06-Jan-2018 17:21:20.986 INFO [main] org.apache.catalina.startup.VersionLoggerListener.log CATALINA_HOME:         D:\tomcat-8.5.24-8080
06-Jan-2018 17:21:20.986 INFO [main] org.apache.catalina.startup.VersionLoggerListener.log Command line argument: -Djava.util.logging.config.file=D:\tomcat-8.5.24-8080\conf\logging.properties
06-Jan-2018 17:21:20.986 INFO [main] org.apache.catalina.startup.VersionLoggerListener.log Command line argument: -Djava.util.logging.manager=org.apache.juli.ClassLoaderLogManager
06-Jan-2018 17:21:20.986 INFO [main] org.apache.catalina.startup.VersionLoggerListener.log Command line argument: -Djdk.tls.ephemeralDHKeySize=2048
06-Jan-2018 17:21:20.986 INFO [main] org.apache.catalina.startup.VersionLoggerListener.log Command line argument: -Djava.protocol.handler.pkgs=org.apache.catalina.webresources
06-Jan-2018 17:21:20.986 INFO [main] org.apache.catalina.startup.VersionLoggerListener.log Command line argument: -Dignore.endorsed.dirs=
06-Jan-2018 17:21:20.986 INFO [main] org.apache.catalina.startup.VersionLoggerListener.log Command line argument: -Dcatalina.base=D:\tomcat-8.5.24-8080
06-Jan-2018 17:21:20.986 INFO [main] org.apache.catalina.startup.VersionLoggerListener.log Command line argument: -Dcatalina.home=D:\tomcat-8.5.24-8080
06-Jan-2018 17:21:20.986 INFO [main] org.apache.catalina.startup.VersionLoggerListener.log Command line argument: -Djava.io.tmpdir=D:\tomcat-8.5.24-8080\temp
06-Jan-2018 17:21:20.986 INFO [main] org.apache.catalina.core.AprLifecycleListener.lifecycleEvent The APR based Apache Tomcat Native library which allows optimal performance in production environments was not found on the java.library.path: [C:\usr\Java\jdk1.8.0_71\bin;C:\WINDOWS\Sun\Java\bin;C:\WINDOWS\system32;C:\WINDOWS;C:\Python36\Scripts\;C:\Python36\;C:\usr\Java\jdk1.8.0_71\bin;C:\WINDOWS\system32;C:\WINDOWS;C:\WINDOWS\System32\Wbem;C:\WINDOWS\System32\WindowsPowerShell\v1.0\;C:\Program Files\Microsoft\Web Platform Installer\;C:\Program Files (x86)\Microsoft ASP.NET\ASP.NET Web Pages\v1.0\;C:\Program Files (x86)\Windows Kits\8.0\Windows Performance Toolkit\;C:\Program Files\Microsoft SQL Server\110\Tools\Binn\;c:\usr\ant193\bin;C:\usr\Git\cmd;C:\usr\Git\mingw64\bin;C:\usr\Git\usr\bin;C:\usr\nodejs\;C:\Users\kgary\AppData\Local\Microsoft\WindowsApps;C:\Users\kgary\AppData\Roaming\npm;.]
06-Jan-2018 17:21:23.293 INFO [main] org.apache.coyote.AbstractProtocol.init Initializing ProtocolHandler ["http-nio-8080"]
06-Jan-2018 17:21:23.449 INFO [main] org.apache.tomcat.util.net.NioSelectorPool.getSharedSelector Using a shared selector for servlet write/read
06-Jan-2018 17:21:23.465 INFO [main] org.apache.coyote.AbstractProtocol.init Initializing ProtocolHandler ["ajp-nio-8009"]
06-Jan-2018 17:21:23.465 INFO [main] org.apache.tomcat.util.net.NioSelectorPool.getSharedSelector Using a shared selector for servlet write/read
06-Jan-2018 17:21:23.480 INFO [main] org.apache.catalina.startup.Catalina.load Initialization processed in 3332 ms
06-Jan-2018 17:21:23.544 INFO [main] org.apache.catalina.core.StandardService.startInternal Starting service [Catalina]
06-Jan-2018 17:21:23.544 INFO [main] org.apache.catalina.core.StandardEngine.startInternal Starting Servlet Engine: Apache Tomcat/8.5.24
06-Jan-2018 17:21:23.569 INFO [localhost-startStop-1] org.apache.catalina.startup.HostConfig.deployDirectory Deploying web application directory [D:\tomcat-8.5.24-8080\webapps\docs]
06-Jan-2018 17:21:24.346 WARNING [localhost-startStop-1] org.apache.catalina.util.SessionIdGeneratorBase.createSecureRandom Creation of SecureRandom instance for session ID generation using [SHA1PRNG] took [188] milliseconds.
06-Jan-2018 17:21:24.377 INFO [localhost-startStop-1] org.apache.catalina.startup.HostConfig.deployDirectory Deployment of web application directory [D:\tomcat-8.5.24-8080\webapps\docs] has finished in [808] ms
06-Jan-2018 17:21:24.377 INFO [localhost-startStop-1] org.apache.catalina.startup.HostConfig.deployDirectory Deploying web application directory [D:\tomcat-8.5.24-8080\webapps\examples]
06-Jan-2018 17:21:26.719 INFO [localhost-startStop-1] org.apache.catalina.startup.HostConfig.deployDirectory Deployment of web application directory [D:\tomcat-8.5.24-8080\webapps\examples] has finished in [2,342] ms
06-Jan-2018 17:21:26.719 INFO [localhost-startStop-1] org.apache.catalina.startup.HostConfig.deployDirectory Deploying web application directory [D:\tomcat-8.5.24-8080\webapps\host-manager]
06-Jan-2018 17:21:26.782 INFO [localhost-startStop-1] org.apache.catalina.startup.HostConfig.deployDirectory Deployment of web application directory [D:\tomcat-8.5.24-8080\webapps\host-manager] has finished in [63] ms
06-Jan-2018 17:21:26.782 INFO [localhost-startStop-1] org.apache.catalina.startup.HostConfig.deployDirectory Deploying web application directory [D:\tomcat-8.5.24-8080\webapps\manager]
06-Jan-2018 17:21:26.922 INFO [localhost-startStop-1] org.apache.catalina.startup.HostConfig.deployDirectory Deployment of web application directory [D:\tomcat-8.5.24-8080\webapps\manager] has finished in [140] ms
06-Jan-2018 17:21:26.922 INFO [localhost-startStop-1] org.apache.catalina.startup.HostConfig.deployDirectory Deploying web application directory [D:\tomcat-8.5.24-8080\webapps\ROOT]
06-Jan-2018 17:21:26.969 INFO [localhost-startStop-1] org.apache.catalina.startup.HostConfig.deployDirectory Deployment of web application directory [D:\tomcat-8.5.24-8080\webapps\ROOT] has finished in [47] ms
06-Jan-2018 17:21:26.969 INFO [main] org.apache.coyote.AbstractProtocol.start Starting ProtocolHandler ["http-nio-8080"]
06-Jan-2018 17:21:26.985 INFO [main] org.apache.coyote.AbstractProtocol.start Starting ProtocolHandler ["ajp-nio-8009"]
06-Jan-2018 17:21:27.001 INFO [main] org.apache.catalina.startup.Catalina.start Server startup in 3519 ms
06-Jan-2018 17:27:24.019 INFO [Thread-5] org.apache.coyote.AbstractProtocol.pause Pausing ProtocolHandler ["http-nio-8080"]
06-Jan-2018 17:27:24.113 INFO [Thread-5] org.apache.coyote.AbstractProtocol.pause Pausing ProtocolHandler ["ajp-nio-8009"]
06-Jan-2018 17:27:24.269 INFO [Thread-5] org.apache.catalina.core.StandardService.stopInternal Stopping service [Catalina]
06-Jan-2018 17:27:25.005 INFO [Thread-5] org.apache.coyote.AbstractProtocol.stop Stopping ProtocolHandler ["http-nio-8080"]
06-Jan-2018 17:27:25.010 INFO [Thread-5] org.apache.coyote.AbstractProtocol.stop Stopping ProtocolHandler ["ajp-nio-8009"]
06-Jan-2018 17:27:25.014 INFO [Thread-5] org.apache.coyote.AbstractProtocol.destroy Destroying ProtocolHandler ["http-nio-8080"]
06-Jan-2018 17:27:25.016 INFO [Thread-5] org.apache.coyote.AbstractProtocol.destroy Destroying ProtocolHandler ["ajp-nio-8009"]
