12-Feb-2018 12:25:59.490 INFO [main] org.apache.catalina.startup.VersionLoggerListener.log Server version:        Apache Tomcat/8.5.24
12-Feb-2018 12:25:59.498 INFO [main] org.apache.catalina.startup.VersionLoggerListener.log Server built:          Nov 27 2017 13:05:30 UTC
12-Feb-2018 12:25:59.499 INFO [main] org.apache.catalina.startup.VersionLoggerListener.log Server number:         8.5.24.0
12-Feb-2018 12:25:59.499 INFO [main] org.apache.catalina.startup.VersionLoggerListener.log OS Name:               Windows 10
12-Feb-2018 12:25:59.499 INFO [main] org.apache.catalina.startup.VersionLoggerListener.log OS Version:            10.0
12-Feb-2018 12:25:59.500 INFO [main] org.apache.catalina.startup.VersionLoggerListener.log Architecture:          amd64
12-Feb-2018 12:25:59.500 INFO [main] org.apache.catalina.startup.VersionLoggerListener.log Java Home:             C:\Program Files\Java\jdk-9.0.1
12-Feb-2018 12:25:59.500 INFO [main] org.apache.catalina.startup.VersionLoggerListener.log JVM Version:           9.0.1+11
12-Feb-2018 12:25:59.501 INFO [main] org.apache.catalina.startup.VersionLoggerListener.log JVM Vendor:            Oracle Corporation
12-Feb-2018 12:25:59.501 INFO [main] org.apache.catalina.startup.VersionLoggerListener.log CATALINA_BASE:         C:\Users\Sandra\Documents\hw\tomcat-8.5.24-8081
12-Feb-2018 12:25:59.501 INFO [main] org.apache.catalina.startup.VersionLoggerListener.log CATALINA_HOME:         C:\Users\Sandra\Documents\hw\tomcat-8.5.24-8081
12-Feb-2018 12:25:59.502 INFO [main] org.apache.catalina.startup.VersionLoggerListener.log Command line argument: --add-opens=java.base/java.lang=ALL-UNNAMED
12-Feb-2018 12:25:59.503 INFO [main] org.apache.catalina.startup.VersionLoggerListener.log Command line argument: --add-opens=java.rmi/sun.rmi.transport=ALL-UNNAMED
12-Feb-2018 12:25:59.503 INFO [main] org.apache.catalina.startup.VersionLoggerListener.log Command line argument: -Djava.util.logging.config.file=C:\Users\Sandra\Documents\hw\tomcat-8.5.24-8081/conf/logging.properties
12-Feb-2018 12:25:59.503 INFO [main] org.apache.catalina.startup.VersionLoggerListener.log Command line argument: -Djava.util.logging.manager=org.apache.juli.ClassLoaderLogManager
12-Feb-2018 12:25:59.504 INFO [main] org.apache.catalina.startup.VersionLoggerListener.log Command line argument: -Xms128m
12-Feb-2018 12:25:59.504 INFO [main] org.apache.catalina.startup.VersionLoggerListener.log Command line argument: -Xmx256m
12-Feb-2018 12:25:59.504 INFO [main] org.apache.catalina.startup.VersionLoggerListener.log Command line argument: -Djdk.tls.ephemeralDHKeySize=2048
12-Feb-2018 12:25:59.504 INFO [main] org.apache.catalina.startup.VersionLoggerListener.log Command line argument: -Djava.protocol.handler.pkgs=org.apache.catalina.webresources
12-Feb-2018 12:25:59.505 INFO [main] org.apache.catalina.startup.VersionLoggerListener.log Command line argument: -Dignore.endorsed.dirs=
12-Feb-2018 12:25:59.505 INFO [main] org.apache.catalina.startup.VersionLoggerListener.log Command line argument: -Dcatalina.base=C:\Users\Sandra\Documents\hw\tomcat-8.5.24-8081
12-Feb-2018 12:25:59.505 INFO [main] org.apache.catalina.startup.VersionLoggerListener.log Command line argument: -Dcatalina.home=C:\Users\Sandra\Documents\hw\tomcat-8.5.24-8081
12-Feb-2018 12:25:59.506 INFO [main] org.apache.catalina.startup.VersionLoggerListener.log Command line argument: -Djava.io.tmpdir=C:\Users\Sandra\Documents\hw\tomcat-8.5.24-8081\temp
12-Feb-2018 12:25:59.506 INFO [main] org.apache.catalina.core.AprLifecycleListener.lifecycleEvent The APR based Apache Tomcat Native library which allows optimal performance in production environments was not found on the java.library.path: [C:\Program Files\Java\jdk-9.0.1\bin;C:\WINDOWS\Sun\Java\bin;C:\WINDOWS\system32;C:\WINDOWS;C:\ProgramData\Oracle\Java\javapath;C:\Program Files (x86)\Intel\iCLS Client;C:\Program Files\Intel\iCLS Client;C:\WINDOWS\system32;C:\WINDOWS;C:\WINDOWS\System32\Wbem;C:\WINDOWS\System32\WindowsPowerShell\v1.0;C:\Program Files\Intel\Intel(R) Management Engine Components\DAL;C:\Program Files\Intel\Intel(R) Management Engine Components\IPT;C:\Program Files (x86)\Intel\Intel(R) Management Engine Components\DAL;C:\Program Files (x86)\Intel\Intel(R) Management Engine Components\IPT;C:\Program Files (x86)\Intel\OpenCL SDK\3.0\bin\x86;C:\Program Files (x86)\Intel\OpenCL SDK\3.0\bin\x64;C:\Program Files\Intel\WiFi\bin;C:\Program Files\Common Files\Intel\WirelessCommon;C:\Program Files (x86)\Skype\Phone;C:\cygwin64\bin;C:\Program Files\nodejs;C:\Python27;C:\Python27\Scripts;C:\Users\Sandra\AppData\Local\Programs\Python\Python36\Scripts;C:\Users\Sandra\AppData\Local\Programs\Python\Python36;C:\MinGW\bin;C:\Program Files\Java\jdk-9.0.1\bin;C:\Program Files\dotnet;C:\Program Files\Microsoft SQL Server\130\Tools\Binn;C:\Program Files\Git\cmd;C:\ApacheAnt1.10.2\bin;C:\gradle-4.5.1\bin;C:\Users\Sandra\AppData\Local\Microsoft\WindowsApps;C:\Users\Sandra\AppData\Roaming\npm;C:\Users\Sandra\AppData\Local\atom\bin;C:\Users\Sandra\AppData\Local\GitHubDesktop\bin;C:\Program Files\Heroku\bin;C:\Program Files\Docker Toolbox;C:\Users\Sandra\AppData\Local\Microsoft\WindowsApps;C:\Program Files\Microsoft VS Code\bin;.]
12-Feb-2018 12:25:59.635 INFO [main] org.apache.coyote.AbstractProtocol.init Initializing ProtocolHandler ["http-nio-8081"]
12-Feb-2018 12:26:00.123 INFO [main] org.apache.tomcat.util.net.NioSelectorPool.getSharedSelector Using a shared selector for servlet write/read
12-Feb-2018 12:26:00.138 INFO [main] org.apache.coyote.AbstractProtocol.init Initializing ProtocolHandler ["ajp-nio-8010"]
12-Feb-2018 12:26:00.138 INFO [main] org.apache.tomcat.util.net.NioSelectorPool.getSharedSelector Using a shared selector for servlet write/read
12-Feb-2018 12:26:00.138 INFO [main] org.apache.catalina.startup.Catalina.load Initialization processed in 2005 ms
12-Feb-2018 12:26:00.359 INFO [main] org.apache.catalina.core.StandardService.startInternal Starting service [Catalina]
12-Feb-2018 12:26:00.360 INFO [main] org.apache.catalina.core.StandardEngine.startInternal Starting Servlet Engine: Apache Tomcat/8.5.24
12-Feb-2018 12:26:00.386 INFO [localhost-startStop-1] org.apache.catalina.startup.HostConfig.deployDirectory Deploying web application directory [C:\Users\Sandra\Documents\hw\tomcat-8.5.24-8081\webapps\docs]
12-Feb-2018 12:26:02.818 WARNING [localhost-startStop-1] org.apache.catalina.util.SessionIdGeneratorBase.createSecureRandom Creation of SecureRandom instance for session ID generation using [SHA1PRNG] took [505] milliseconds.
12-Feb-2018 12:26:02.943 INFO [localhost-startStop-1] org.apache.catalina.startup.HostConfig.deployDirectory Deployment of web application directory [C:\Users\Sandra\Documents\hw\tomcat-8.5.24-8081\webapps\docs] has finished in [2,556] ms
12-Feb-2018 12:26:02.949 INFO [localhost-startStop-1] org.apache.catalina.startup.HostConfig.deployDirectory Deploying web application directory [C:\Users\Sandra\Documents\hw\tomcat-8.5.24-8081\webapps\examples]
12-Feb-2018 12:26:04.602 INFO [localhost-startStop-1] org.apache.catalina.startup.HostConfig.deployDirectory Deployment of web application directory [C:\Users\Sandra\Documents\hw\tomcat-8.5.24-8081\webapps\examples] has finished in [1,653] ms
12-Feb-2018 12:26:04.602 INFO [localhost-startStop-1] org.apache.catalina.startup.HostConfig.deployDirectory Deploying web application directory [C:\Users\Sandra\Documents\hw\tomcat-8.5.24-8081\webapps\host-manager]
12-Feb-2018 12:26:04.680 INFO [localhost-startStop-1] org.apache.catalina.startup.HostConfig.deployDirectory Deployment of web application directory [C:\Users\Sandra\Documents\hw\tomcat-8.5.24-8081\webapps\host-manager] has finished in [78] ms
12-Feb-2018 12:26:04.680 INFO [localhost-startStop-1] org.apache.catalina.startup.HostConfig.deployDirectory Deploying web application directory [C:\Users\Sandra\Documents\hw\tomcat-8.5.24-8081\webapps\manager]
12-Feb-2018 12:26:04.764 INFO [localhost-startStop-1] org.apache.catalina.startup.HostConfig.deployDirectory Deployment of web application directory [C:\Users\Sandra\Documents\hw\tomcat-8.5.24-8081\webapps\manager] has finished in [84] ms
12-Feb-2018 12:26:04.764 INFO [localhost-startStop-1] org.apache.catalina.startup.HostConfig.deployDirectory Deploying web application directory [C:\Users\Sandra\Documents\hw\tomcat-8.5.24-8081\webapps\ROOT]
12-Feb-2018 12:26:04.817 INFO [localhost-startStop-1] org.apache.catalina.startup.HostConfig.deployDirectory Deployment of web application directory [C:\Users\Sandra\Documents\hw\tomcat-8.5.24-8081\webapps\ROOT] has finished in [53] ms
12-Feb-2018 12:26:04.817 INFO [localhost-startStop-1] org.apache.catalina.startup.HostConfig.deployDirectory Deploying web application directory [C:\Users\Sandra\Documents\hw\tomcat-8.5.24-8081\webapps\ROOT-original]
12-Feb-2018 12:26:04.880 INFO [localhost-startStop-1] org.apache.catalina.startup.HostConfig.deployDirectory Deployment of web application directory [C:\Users\Sandra\Documents\hw\tomcat-8.5.24-8081\webapps\ROOT-original] has finished in [63] ms
12-Feb-2018 12:26:04.897 INFO [main] org.apache.coyote.AbstractProtocol.start Starting ProtocolHandler ["http-nio-8081"]
12-Feb-2018 12:26:04.918 INFO [main] org.apache.coyote.AbstractProtocol.start Starting ProtocolHandler ["ajp-nio-8010"]
12-Feb-2018 12:26:04.918 INFO [main] org.apache.catalina.startup.Catalina.start Server startup in 4775 ms
12-Feb-2018 12:28:25.007 INFO [ContainerBackgroundProcessor[StandardEngine[Catalina]]] org.apache.catalina.startup.HostConfig.undeploy Undeploying context []
12-Feb-2018 12:28:25.539 INFO [ContainerBackgroundProcessor[StandardEngine[Catalina]]] org.apache.catalina.startup.HostConfig.undeploy Undeploying context [/ROOT-original]
12-Feb-2018 12:28:25.555 INFO [localhost-startStop-2] org.apache.catalina.startup.HostConfig.deployDirectory Deploying web application directory [C:\Users\Sandra\Documents\hw\tomcat-8.5.24-8081\webapps\ROOT]
12-Feb-2018 12:28:25.624 INFO [localhost-startStop-2] org.apache.catalina.startup.HostConfig.deployDirectory Deployment of web application directory [C:\Users\Sandra\Documents\hw\tomcat-8.5.24-8081\webapps\ROOT] has finished in [69] ms
12-Feb-2018 12:28:25.624 INFO [localhost-startStop-2] org.apache.catalina.startup.HostConfig.deployDirectory Deploying web application directory [C:\Users\Sandra\Documents\hw\tomcat-8.5.24-8081\webapps\ROOT-mod]
12-Feb-2018 12:28:25.697 INFO [localhost-startStop-2] org.apache.catalina.startup.HostConfig.deployDirectory Deployment of web application directory [C:\Users\Sandra\Documents\hw\tomcat-8.5.24-8081\webapps\ROOT-mod] has finished in [73] ms
12-Feb-2018 12:29:22.638 INFO [main] org.apache.catalina.core.StandardServer.await A valid shutdown command was received via the shutdown port. Stopping the Server instance.
12-Feb-2018 12:29:22.638 INFO [main] org.apache.coyote.AbstractProtocol.pause Pausing ProtocolHandler ["http-nio-8081"]
12-Feb-2018 12:29:22.886 INFO [main] org.apache.coyote.AbstractProtocol.pause Pausing ProtocolHandler ["ajp-nio-8010"]
12-Feb-2018 12:29:23.139 INFO [main] org.apache.catalina.core.StandardService.stopInternal Stopping service [Catalina]
12-Feb-2018 12:29:23.255 INFO [main] org.apache.coyote.AbstractProtocol.stop Stopping ProtocolHandler ["http-nio-8081"]
12-Feb-2018 12:29:23.255 INFO [main] org.apache.coyote.AbstractProtocol.stop Stopping ProtocolHandler ["ajp-nio-8010"]
12-Feb-2018 12:29:23.255 INFO [main] org.apache.coyote.AbstractProtocol.destroy Destroying ProtocolHandler ["http-nio-8081"]
12-Feb-2018 12:29:23.271 INFO [main] org.apache.coyote.AbstractProtocol.destroy Destroying ProtocolHandler ["ajp-nio-8010"]
12-Feb-2018 12:29:52.285 INFO [main] org.apache.catalina.startup.VersionLoggerListener.log Server version:        Apache Tomcat/8.5.24
12-Feb-2018 12:29:52.295 INFO [main] org.apache.catalina.startup.VersionLoggerListener.log Server built:          Nov 27 2017 13:05:30 UTC
12-Feb-2018 12:29:52.295 INFO [main] org.apache.catalina.startup.VersionLoggerListener.log Server number:         8.5.24.0
12-Feb-2018 12:29:52.295 INFO [main] org.apache.catalina.startup.VersionLoggerListener.log OS Name:               Windows 10
12-Feb-2018 12:29:52.296 INFO [main] org.apache.catalina.startup.VersionLoggerListener.log OS Version:            10.0
12-Feb-2018 12:29:52.296 INFO [main] org.apache.catalina.startup.VersionLoggerListener.log Architecture:          amd64
12-Feb-2018 12:29:52.296 INFO [main] org.apache.catalina.startup.VersionLoggerListener.log Java Home:             C:\Program Files\Java\jdk-9.0.1
12-Feb-2018 12:29:52.297 INFO [main] org.apache.catalina.startup.VersionLoggerListener.log JVM Version:           9.0.1+11
12-Feb-2018 12:29:52.297 INFO [main] org.apache.catalina.startup.VersionLoggerListener.log JVM Vendor:            Oracle Corporation
12-Feb-2018 12:29:52.298 INFO [main] org.apache.catalina.startup.VersionLoggerListener.log CATALINA_BASE:         C:\Users\Sandra\Documents\hw\tomcat-8.5.24-8081
12-Feb-2018 12:29:52.298 INFO [main] org.apache.catalina.startup.VersionLoggerListener.log CATALINA_HOME:         C:\Users\Sandra\Documents\hw\tomcat-8.5.24-8081
12-Feb-2018 12:29:52.299 INFO [main] org.apache.catalina.startup.VersionLoggerListener.log Command line argument: --add-opens=java.base/java.lang=ALL-UNNAMED
12-Feb-2018 12:29:52.299 INFO [main] org.apache.catalina.startup.VersionLoggerListener.log Command line argument: --add-opens=java.rmi/sun.rmi.transport=ALL-UNNAMED
12-Feb-2018 12:29:52.299 INFO [main] org.apache.catalina.startup.VersionLoggerListener.log Command line argument: -Djava.util.logging.config.file=C:\Users\Sandra\Documents\hw\tomcat-8.5.24-8081/conf/logging.properties
12-Feb-2018 12:29:52.300 INFO [main] org.apache.catalina.startup.VersionLoggerListener.log Command line argument: -Djava.util.logging.manager=org.apache.juli.ClassLoaderLogManager
12-Feb-2018 12:29:52.300 INFO [main] org.apache.catalina.startup.VersionLoggerListener.log Command line argument: -Xms128m
12-Feb-2018 12:29:52.300 INFO [main] org.apache.catalina.startup.VersionLoggerListener.log Command line argument: -Xmx256m
12-Feb-2018 12:29:52.301 INFO [main] org.apache.catalina.startup.VersionLoggerListener.log Command line argument: -Djdk.tls.ephemeralDHKeySize=2048
12-Feb-2018 12:29:52.301 INFO [main] org.apache.catalina.startup.VersionLoggerListener.log Command line argument: -Djava.protocol.handler.pkgs=org.apache.catalina.webresources
12-Feb-2018 12:29:52.301 INFO [main] org.apache.catalina.startup.VersionLoggerListener.log Command line argument: -Dignore.endorsed.dirs=
12-Feb-2018 12:29:52.302 INFO [main] org.apache.catalina.startup.VersionLoggerListener.log Command line argument: -Dcatalina.base=C:\Users\Sandra\Documents\hw\tomcat-8.5.24-8081
12-Feb-2018 12:29:52.302 INFO [main] org.apache.catalina.startup.VersionLoggerListener.log Command line argument: -Dcatalina.home=C:\Users\Sandra\Documents\hw\tomcat-8.5.24-8081
12-Feb-2018 12:29:52.303 INFO [main] org.apache.catalina.startup.VersionLoggerListener.log Command line argument: -Djava.io.tmpdir=C:\Users\Sandra\Documents\hw\tomcat-8.5.24-8081\temp
12-Feb-2018 12:29:52.303 INFO [main] org.apache.catalina.core.AprLifecycleListener.lifecycleEvent The APR based Apache Tomcat Native library which allows optimal performance in production environments was not found on the java.library.path: [C:\Program Files\Java\jdk-9.0.1\bin;C:\WINDOWS\Sun\Java\bin;C:\WINDOWS\system32;C:\WINDOWS;C:\ProgramData\Oracle\Java\javapath;C:\Program Files (x86)\Intel\iCLS Client;C:\Program Files\Intel\iCLS Client;C:\WINDOWS\system32;C:\WINDOWS;C:\WINDOWS\System32\Wbem;C:\WINDOWS\System32\WindowsPowerShell\v1.0;C:\Program Files\Intel\Intel(R) Management Engine Components\DAL;C:\Program Files\Intel\Intel(R) Management Engine Components\IPT;C:\Program Files (x86)\Intel\Intel(R) Management Engine Components\DAL;C:\Program Files (x86)\Intel\Intel(R) Management Engine Components\IPT;C:\Program Files (x86)\Intel\OpenCL SDK\3.0\bin\x86;C:\Program Files (x86)\Intel\OpenCL SDK\3.0\bin\x64;C:\Program Files\Intel\WiFi\bin;C:\Program Files\Common Files\Intel\WirelessCommon;C:\Program Files (x86)\Skype\Phone;C:\cygwin64\bin;C:\Program Files\nodejs;C:\Python27;C:\Python27\Scripts;C:\Users\Sandra\AppData\Local\Programs\Python\Python36\Scripts;C:\Users\Sandra\AppData\Local\Programs\Python\Python36;C:\MinGW\bin;C:\Program Files\Java\jdk-9.0.1\bin;C:\Program Files\dotnet;C:\Program Files\Microsoft SQL Server\130\Tools\Binn;C:\Program Files\Git\cmd;C:\ApacheAnt1.10.2\bin;C:\gradle-4.5.1\bin;C:\Users\Sandra\AppData\Local\Microsoft\WindowsApps;C:\Users\Sandra\AppData\Roaming\npm;C:\Users\Sandra\AppData\Local\atom\bin;C:\Users\Sandra\AppData\Local\GitHubDesktop\bin;C:\Program Files\Heroku\bin;C:\Program Files\Docker Toolbox;C:\Users\Sandra\AppData\Local\Microsoft\WindowsApps;C:\Program Files\Microsoft VS Code\bin;.]
12-Feb-2018 12:29:52.412 INFO [main] org.apache.coyote.AbstractProtocol.init Initializing ProtocolHandler ["http-nio-8081"]
12-Feb-2018 12:29:52.697 INFO [main] org.apache.tomcat.util.net.NioSelectorPool.getSharedSelector Using a shared selector for servlet write/read
12-Feb-2018 12:29:52.709 INFO [main] org.apache.coyote.AbstractProtocol.init Initializing ProtocolHandler ["ajp-nio-8010"]
12-Feb-2018 12:29:52.717 INFO [main] org.apache.tomcat.util.net.NioSelectorPool.getSharedSelector Using a shared selector for servlet write/read
12-Feb-2018 12:29:52.717 INFO [main] org.apache.catalina.startup.Catalina.load Initialization processed in 3215 ms
12-Feb-2018 12:29:52.841 INFO [main] org.apache.catalina.core.StandardService.startInternal Starting service [Catalina]
12-Feb-2018 12:29:52.841 INFO [main] org.apache.catalina.core.StandardEngine.startInternal Starting Servlet Engine: Apache Tomcat/8.5.24
12-Feb-2018 12:29:52.857 INFO [localhost-startStop-1] org.apache.catalina.startup.HostConfig.deployDirectory Deploying web application directory [C:\Users\Sandra\Documents\hw\tomcat-8.5.24-8081\webapps\docs]
12-Feb-2018 12:29:53.799 WARNING [localhost-startStop-1] org.apache.catalina.util.SessionIdGeneratorBase.createSecureRandom Creation of SecureRandom instance for session ID generation using [SHA1PRNG] took [224] milliseconds.
12-Feb-2018 12:29:53.835 INFO [localhost-startStop-1] org.apache.catalina.startup.HostConfig.deployDirectory Deployment of web application directory [C:\Users\Sandra\Documents\hw\tomcat-8.5.24-8081\webapps\docs] has finished in [982] ms
12-Feb-2018 12:29:53.835 INFO [localhost-startStop-1] org.apache.catalina.startup.HostConfig.deployDirectory Deploying web application directory [C:\Users\Sandra\Documents\hw\tomcat-8.5.24-8081\webapps\examples]
12-Feb-2018 12:29:54.814 INFO [localhost-startStop-1] org.apache.catalina.startup.HostConfig.deployDirectory Deployment of web application directory [C:\Users\Sandra\Documents\hw\tomcat-8.5.24-8081\webapps\examples] has finished in [979] ms
12-Feb-2018 12:29:54.815 INFO [localhost-startStop-1] org.apache.catalina.startup.HostConfig.deployDirectory Deploying web application directory [C:\Users\Sandra\Documents\hw\tomcat-8.5.24-8081\webapps\host-manager]
12-Feb-2018 12:29:54.924 INFO [localhost-startStop-1] org.apache.catalina.startup.HostConfig.deployDirectory Deployment of web application directory [C:\Users\Sandra\Documents\hw\tomcat-8.5.24-8081\webapps\host-manager] has finished in [109] ms
12-Feb-2018 12:29:54.925 INFO [localhost-startStop-1] org.apache.catalina.startup.HostConfig.deployDirectory Deploying web application directory [C:\Users\Sandra\Documents\hw\tomcat-8.5.24-8081\webapps\manager]
12-Feb-2018 12:29:55.088 INFO [localhost-startStop-1] org.apache.catalina.startup.HostConfig.deployDirectory Deployment of web application directory [C:\Users\Sandra\Documents\hw\tomcat-8.5.24-8081\webapps\manager] has finished in [163] ms
12-Feb-2018 12:29:55.089 INFO [localhost-startStop-1] org.apache.catalina.startup.HostConfig.deployDirectory Deploying web application directory [C:\Users\Sandra\Documents\hw\tomcat-8.5.24-8081\webapps\ROOT]
12-Feb-2018 12:29:55.148 INFO [localhost-startStop-1] org.apache.catalina.startup.HostConfig.deployDirectory Deployment of web application directory [C:\Users\Sandra\Documents\hw\tomcat-8.5.24-8081\webapps\ROOT] has finished in [58] ms
12-Feb-2018 12:29:55.148 INFO [localhost-startStop-1] org.apache.catalina.startup.HostConfig.deployDirectory Deploying web application directory [C:\Users\Sandra\Documents\hw\tomcat-8.5.24-8081\webapps\ROOT-mod]
12-Feb-2018 12:29:55.233 INFO [localhost-startStop-1] org.apache.catalina.startup.HostConfig.deployDirectory Deployment of web application directory [C:\Users\Sandra\Documents\hw\tomcat-8.5.24-8081\webapps\ROOT-mod] has finished in [84] ms
12-Feb-2018 12:29:55.246 INFO [main] org.apache.coyote.AbstractProtocol.start Starting ProtocolHandler ["http-nio-8081"]
12-Feb-2018 12:29:55.272 INFO [main] org.apache.coyote.AbstractProtocol.start Starting ProtocolHandler ["ajp-nio-8010"]
12-Feb-2018 12:29:55.292 INFO [main] org.apache.catalina.startup.Catalina.start Server startup in 2576 ms
12-Feb-2018 12:36:56.798 INFO [main] org.apache.catalina.core.StandardServer.await A valid shutdown command was received via the shutdown port. Stopping the Server instance.
12-Feb-2018 12:36:56.798 INFO [main] org.apache.coyote.AbstractProtocol.pause Pausing ProtocolHandler ["http-nio-8081"]
12-Feb-2018 12:36:57.030 INFO [main] org.apache.coyote.AbstractProtocol.pause Pausing ProtocolHandler ["ajp-nio-8010"]
12-Feb-2018 12:36:57.293 INFO [main] org.apache.catalina.core.StandardService.stopInternal Stopping service [Catalina]
12-Feb-2018 12:36:57.378 INFO [main] org.apache.coyote.AbstractProtocol.stop Stopping ProtocolHandler ["http-nio-8081"]
12-Feb-2018 12:36:57.378 INFO [main] org.apache.coyote.AbstractProtocol.stop Stopping ProtocolHandler ["ajp-nio-8010"]
12-Feb-2018 12:36:57.378 INFO [main] org.apache.coyote.AbstractProtocol.destroy Destroying ProtocolHandler ["http-nio-8081"]
12-Feb-2018 12:36:57.378 INFO [main] org.apache.coyote.AbstractProtocol.destroy Destroying ProtocolHandler ["ajp-nio-8010"]
12-Feb-2018 12:44:37.295 INFO [main] org.apache.catalina.startup.VersionLoggerListener.log Server version:        Apache Tomcat/8.5.24
12-Feb-2018 12:44:37.302 INFO [main] org.apache.catalina.startup.VersionLoggerListener.log Server built:          Nov 27 2017 13:05:30 UTC
12-Feb-2018 12:44:37.303 INFO [main] org.apache.catalina.startup.VersionLoggerListener.log Server number:         8.5.24.0
12-Feb-2018 12:44:37.303 INFO [main] org.apache.catalina.startup.VersionLoggerListener.log OS Name:               Windows 10
12-Feb-2018 12:44:37.303 INFO [main] org.apache.catalina.startup.VersionLoggerListener.log OS Version:            10.0
12-Feb-2018 12:44:37.304 INFO [main] org.apache.catalina.startup.VersionLoggerListener.log Architecture:          amd64
12-Feb-2018 12:44:37.304 INFO [main] org.apache.catalina.startup.VersionLoggerListener.log Java Home:             C:\Program Files\Java\jdk-9.0.1
12-Feb-2018 12:44:37.304 INFO [main] org.apache.catalina.startup.VersionLoggerListener.log JVM Version:           9.0.1+11
12-Feb-2018 12:44:37.304 INFO [main] org.apache.catalina.startup.VersionLoggerListener.log JVM Vendor:            Oracle Corporation
12-Feb-2018 12:44:37.305 INFO [main] org.apache.catalina.startup.VersionLoggerListener.log CATALINA_BASE:         C:\Users\Sandra\Documents\hw\tomcat-8.5.24-8081
12-Feb-2018 12:44:37.305 INFO [main] org.apache.catalina.startup.VersionLoggerListener.log CATALINA_HOME:         C:\Users\Sandra\Documents\hw\tomcat-8.5.24-8081
12-Feb-2018 12:44:37.306 INFO [main] org.apache.catalina.startup.VersionLoggerListener.log Command line argument: --add-opens=java.base/java.lang=ALL-UNNAMED
12-Feb-2018 12:44:37.306 INFO [main] org.apache.catalina.startup.VersionLoggerListener.log Command line argument: --add-opens=java.rmi/sun.rmi.transport=ALL-UNNAMED
12-Feb-2018 12:44:37.307 INFO [main] org.apache.catalina.startup.VersionLoggerListener.log Command line argument: -Djava.util.logging.config.file=C:\Users\Sandra\Documents\hw\tomcat-8.5.24-8081/conf/logging.properties
12-Feb-2018 12:44:37.307 INFO [main] org.apache.catalina.startup.VersionLoggerListener.log Command line argument: -Djava.util.logging.manager=org.apache.juli.ClassLoaderLogManager
12-Feb-2018 12:44:37.307 INFO [main] org.apache.catalina.startup.VersionLoggerListener.log Command line argument: -Xms128m
12-Feb-2018 12:44:37.307 INFO [main] org.apache.catalina.startup.VersionLoggerListener.log Command line argument: -Xmx256m
12-Feb-2018 12:44:37.308 INFO [main] org.apache.catalina.startup.VersionLoggerListener.log Command line argument: -Djdk.tls.ephemeralDHKeySize=2048
12-Feb-2018 12:44:37.308 INFO [main] org.apache.catalina.startup.VersionLoggerListener.log Command line argument: -Djava.protocol.handler.pkgs=org.apache.catalina.webresources
12-Feb-2018 12:44:37.308 INFO [main] org.apache.catalina.startup.VersionLoggerListener.log Command line argument: -Dignore.endorsed.dirs=
12-Feb-2018 12:44:37.308 INFO [main] org.apache.catalina.startup.VersionLoggerListener.log Command line argument: -Dcatalina.base=C:\Users\Sandra\Documents\hw\tomcat-8.5.24-8081
12-Feb-2018 12:44:37.311 INFO [main] org.apache.catalina.startup.VersionLoggerListener.log Command line argument: -Dcatalina.home=C:\Users\Sandra\Documents\hw\tomcat-8.5.24-8081
12-Feb-2018 12:44:37.312 INFO [main] org.apache.catalina.startup.VersionLoggerListener.log Command line argument: -Djava.io.tmpdir=C:\Users\Sandra\Documents\hw\tomcat-8.5.24-8081\temp
12-Feb-2018 12:44:37.312 INFO [main] org.apache.catalina.core.AprLifecycleListener.lifecycleEvent The APR based Apache Tomcat Native library which allows optimal performance in production environments was not found on the java.library.path: [C:\Program Files\Java\jdk-9.0.1\bin;C:\WINDOWS\Sun\Java\bin;C:\WINDOWS\system32;C:\WINDOWS;C:\ProgramData\Oracle\Java\javapath;C:\Program Files (x86)\Intel\iCLS Client;C:\Program Files\Intel\iCLS Client;C:\WINDOWS\system32;C:\WINDOWS;C:\WINDOWS\System32\Wbem;C:\WINDOWS\System32\WindowsPowerShell\v1.0;C:\Program Files\Intel\Intel(R) Management Engine Components\DAL;C:\Program Files\Intel\Intel(R) Management Engine Components\IPT;C:\Program Files (x86)\Intel\Intel(R) Management Engine Components\DAL;C:\Program Files (x86)\Intel\Intel(R) Management Engine Components\IPT;C:\Program Files (x86)\Intel\OpenCL SDK\3.0\bin\x86;C:\Program Files (x86)\Intel\OpenCL SDK\3.0\bin\x64;C:\Program Files\Intel\WiFi\bin;C:\Program Files\Common Files\Intel\WirelessCommon;C:\Program Files (x86)\Skype\Phone;C:\cygwin64\bin;C:\Program Files\nodejs;C:\Python27;C:\Python27\Scripts;C:\Users\Sandra\AppData\Local\Programs\Python\Python36\Scripts;C:\Users\Sandra\AppData\Local\Programs\Python\Python36;C:\MinGW\bin;C:\Program Files\Java\jdk-9.0.1\bin;C:\Program Files\dotnet;C:\Program Files\Microsoft SQL Server\130\Tools\Binn;C:\Program Files\Git\cmd;C:\ApacheAnt1.10.2\bin;C:\gradle-4.5.1\bin;C:\Users\Sandra\AppData\Local\Microsoft\WindowsApps;C:\Users\Sandra\AppData\Roaming\npm;C:\Users\Sandra\AppData\Local\atom\bin;C:\Users\Sandra\AppData\Local\GitHubDesktop\bin;C:\Program Files\Heroku\bin;C:\Program Files\Docker Toolbox;C:\Users\Sandra\AppData\Local\Microsoft\WindowsApps;C:\Program Files\Microsoft VS Code\bin;.]
12-Feb-2018 12:44:37.448 INFO [main] org.apache.coyote.AbstractProtocol.init Initializing ProtocolHandler ["http-nio-8081"]
12-Feb-2018 12:44:37.865 INFO [main] org.apache.tomcat.util.net.NioSelectorPool.getSharedSelector Using a shared selector for servlet write/read
12-Feb-2018 12:44:37.899 INFO [main] org.apache.coyote.AbstractProtocol.init Initializing ProtocolHandler ["ajp-nio-8010"]
12-Feb-2018 12:44:37.904 INFO [main] org.apache.tomcat.util.net.NioSelectorPool.getSharedSelector Using a shared selector for servlet write/read
12-Feb-2018 12:44:37.905 INFO [main] org.apache.catalina.startup.Catalina.load Initialization processed in 2106 ms
12-Feb-2018 12:44:38.052 INFO [main] org.apache.catalina.core.StandardService.startInternal Starting service [Catalina]
12-Feb-2018 12:44:38.053 INFO [main] org.apache.catalina.core.StandardEngine.startInternal Starting Servlet Engine: Apache Tomcat/8.5.24
12-Feb-2018 12:44:38.074 INFO [localhost-startStop-1] org.apache.catalina.startup.HostConfig.deployDirectory Deploying web application directory [C:\Users\Sandra\Documents\hw\tomcat-8.5.24-8081\webapps\docs]
12-Feb-2018 12:44:39.132 WARNING [localhost-startStop-1] org.apache.catalina.util.SessionIdGeneratorBase.createSecureRandom Creation of SecureRandom instance for session ID generation using [SHA1PRNG] took [263] milliseconds.
12-Feb-2018 12:44:39.168 INFO [localhost-startStop-1] org.apache.catalina.startup.HostConfig.deployDirectory Deployment of web application directory [C:\Users\Sandra\Documents\hw\tomcat-8.5.24-8081\webapps\docs] has finished in [1,094] ms
12-Feb-2018 12:44:39.170 INFO [localhost-startStop-1] org.apache.catalina.startup.HostConfig.deployDirectory Deploying web application directory [C:\Users\Sandra\Documents\hw\tomcat-8.5.24-8081\webapps\examples]
12-Feb-2018 12:44:40.380 INFO [localhost-startStop-1] org.apache.catalina.startup.HostConfig.deployDirectory Deployment of web application directory [C:\Users\Sandra\Documents\hw\tomcat-8.5.24-8081\webapps\examples] has finished in [1,211] ms
12-Feb-2018 12:44:40.383 INFO [localhost-startStop-1] org.apache.catalina.startup.HostConfig.deployDirectory Deploying web application directory [C:\Users\Sandra\Documents\hw\tomcat-8.5.24-8081\webapps\host-manager]
12-Feb-2018 12:44:40.514 INFO [localhost-startStop-1] org.apache.catalina.startup.HostConfig.deployDirectory Deployment of web application directory [C:\Users\Sandra\Documents\hw\tomcat-8.5.24-8081\webapps\host-manager] has finished in [130] ms
12-Feb-2018 12:44:40.515 INFO [localhost-startStop-1] org.apache.catalina.startup.HostConfig.deployDirectory Deploying web application directory [C:\Users\Sandra\Documents\hw\tomcat-8.5.24-8081\webapps\manager]
12-Feb-2018 12:44:40.712 INFO [localhost-startStop-1] org.apache.catalina.startup.HostConfig.deployDirectory Deployment of web application directory [C:\Users\Sandra\Documents\hw\tomcat-8.5.24-8081\webapps\manager] has finished in [196] ms
12-Feb-2018 12:44:40.712 INFO [localhost-startStop-1] org.apache.catalina.startup.HostConfig.deployDirectory Deploying web application directory [C:\Users\Sandra\Documents\hw\tomcat-8.5.24-8081\webapps\ROOT]
12-Feb-2018 12:44:40.794 INFO [localhost-startStop-1] org.apache.catalina.startup.HostConfig.deployDirectory Deployment of web application directory [C:\Users\Sandra\Documents\hw\tomcat-8.5.24-8081\webapps\ROOT] has finished in [81] ms
12-Feb-2018 12:44:40.794 INFO [localhost-startStop-1] org.apache.catalina.startup.HostConfig.deployDirectory Deploying web application directory [C:\Users\Sandra\Documents\hw\tomcat-8.5.24-8081\webapps\ROOT-mod]
12-Feb-2018 12:44:40.874 INFO [localhost-startStop-1] org.apache.catalina.startup.HostConfig.deployDirectory Deployment of web application directory [C:\Users\Sandra\Documents\hw\tomcat-8.5.24-8081\webapps\ROOT-mod] has finished in [80] ms
12-Feb-2018 12:44:40.885 INFO [main] org.apache.coyote.AbstractProtocol.start Starting ProtocolHandler ["http-nio-8081"]
12-Feb-2018 12:44:40.907 INFO [main] org.apache.coyote.AbstractProtocol.start Starting ProtocolHandler ["ajp-nio-8010"]
12-Feb-2018 12:44:40.915 INFO [main] org.apache.catalina.startup.Catalina.start Server startup in 3009 ms
12-Feb-2018 12:45:21.590 INFO [main] org.apache.catalina.core.StandardServer.await A valid shutdown command was received via the shutdown port. Stopping the Server instance.
12-Feb-2018 12:45:21.590 INFO [main] org.apache.coyote.AbstractProtocol.pause Pausing ProtocolHandler ["http-nio-8081"]
12-Feb-2018 12:45:21.775 INFO [main] org.apache.coyote.AbstractProtocol.pause Pausing ProtocolHandler ["ajp-nio-8010"]
12-Feb-2018 12:45:22.036 INFO [main] org.apache.catalina.core.StandardService.stopInternal Stopping service [Catalina]
12-Feb-2018 12:45:22.151 INFO [main] org.apache.coyote.AbstractProtocol.stop Stopping ProtocolHandler ["http-nio-8081"]
12-Feb-2018 12:45:22.151 INFO [main] org.apache.coyote.AbstractProtocol.stop Stopping ProtocolHandler ["ajp-nio-8010"]
12-Feb-2018 12:45:22.167 INFO [main] org.apache.coyote.AbstractProtocol.destroy Destroying ProtocolHandler ["http-nio-8081"]
12-Feb-2018 12:45:22.167 INFO [main] org.apache.coyote.AbstractProtocol.destroy Destroying ProtocolHandler ["ajp-nio-8010"]
