06-Jan-2018 16:50:11.378 INFO [main] org.apache.catalina.startup.VersionLoggerListener.log Server version:        Apache Tomcat/8.5.24
06-Jan-2018 16:50:11.383 INFO [main] org.apache.catalina.startup.VersionLoggerListener.log Server built:          Nov 27 2017 13:05:30 UTC
06-Jan-2018 16:50:11.383 INFO [main] org.apache.catalina.startup.VersionLoggerListener.log Server number:         8.5.24.0
06-Jan-2018 16:50:11.383 INFO [main] org.apache.catalina.startup.VersionLoggerListener.log OS Name:               Windows 10
06-Jan-2018 16:50:11.383 INFO [main] org.apache.catalina.startup.VersionLoggerListener.log OS Version:            10.0
06-Jan-2018 16:50:11.383 INFO [main] org.apache.catalina.startup.VersionLoggerListener.log Architecture:          amd64
06-Jan-2018 16:50:11.383 INFO [main] org.apache.catalina.startup.VersionLoggerListener.log Java Home:             c:\Java9
06-Jan-2018 16:50:11.383 INFO [main] org.apache.catalina.startup.VersionLoggerListener.log JVM Version:           9.0.1+11
06-Jan-2018 16:50:11.383 INFO [main] org.apache.catalina.startup.VersionLoggerListener.log JVM Vendor:            Oracle Corporation
06-Jan-2018 16:50:11.383 INFO [main] org.apache.catalina.startup.VersionLoggerListener.log CATALINA_BASE:         D:\tomcat-8.5.24-8081
06-Jan-2018 16:50:11.383 INFO [main] org.apache.catalina.startup.VersionLoggerListener.log CATALINA_HOME:         D:\tomcat-8.5.24-8081
06-Jan-2018 16:50:11.383 INFO [main] org.apache.catalina.startup.VersionLoggerListener.log Command line argument: --add-opens=java.base/java.lang=ALL-UNNAMED
06-Jan-2018 16:50:11.383 INFO [main] org.apache.catalina.startup.VersionLoggerListener.log Command line argument: --add-opens=java.rmi/sun.rmi.transport=ALL-UNNAMED
06-Jan-2018 16:50:11.383 INFO [main] org.apache.catalina.startup.VersionLoggerListener.log Command line argument: -Djava.util.logging.config.file=D:\tomcat-8.5.24-8081\conf\logging.properties
06-Jan-2018 16:50:11.383 INFO [main] org.apache.catalina.startup.VersionLoggerListener.log Command line argument: -Djava.util.logging.manager=org.apache.juli.ClassLoaderLogManager
06-Jan-2018 16:50:11.383 INFO [main] org.apache.catalina.startup.VersionLoggerListener.log Command line argument: -Djdk.tls.ephemeralDHKeySize=2048
06-Jan-2018 16:50:11.388 INFO [main] org.apache.catalina.startup.VersionLoggerListener.log Command line argument: -Djava.protocol.handler.pkgs=org.apache.catalina.webresources
06-Jan-2018 16:50:11.388 INFO [main] org.apache.catalina.startup.VersionLoggerListener.log Command line argument: -Dignore.endorsed.dirs=
06-Jan-2018 16:50:11.388 INFO [main] org.apache.catalina.startup.VersionLoggerListener.log Command line argument: -Dcatalina.base=D:\tomcat-8.5.24-8081
06-Jan-2018 16:50:11.393 INFO [main] org.apache.catalina.startup.VersionLoggerListener.log Command line argument: -Dcatalina.home=D:\tomcat-8.5.24-8081
06-Jan-2018 16:50:11.393 INFO [main] org.apache.catalina.startup.VersionLoggerListener.log Command line argument: -Djava.io.tmpdir=D:\tomcat-8.5.24-8081\temp
06-Jan-2018 16:50:11.398 INFO [main] org.apache.catalina.core.AprLifecycleListener.lifecycleEvent The APR based Apache Tomcat Native library which allows optimal performance in production environments was not found on the java.library.path: [c:\Java9\bin;C:\windows\Sun\Java\bin;C:\windows\system32;C:\windows;C:\ProgramData\Oracle\Java\javapath;C:\windows\system32;C:\windows;C:\windows\System32\Wbem;C:\windows\System32\WindowsPowerShell\v1.0\;C:\Program Files (x86)\Skype\Phone\;.]
06-Jan-2018 16:50:11.453 INFO [main] org.apache.coyote.AbstractProtocol.init Initializing ProtocolHandler ["http-nio-8081"]
06-Jan-2018 16:50:11.493 INFO [main] org.apache.tomcat.util.net.NioSelectorPool.getSharedSelector Using a shared selector for servlet write/read
06-Jan-2018 16:50:11.503 INFO [main] org.apache.coyote.AbstractProtocol.init Initializing ProtocolHandler ["ajp-nio-8010"]
06-Jan-2018 16:50:11.508 INFO [main] org.apache.tomcat.util.net.NioSelectorPool.getSharedSelector Using a shared selector for servlet write/read
06-Jan-2018 16:50:11.508 INFO [main] org.apache.catalina.startup.Catalina.load Initialization processed in 607 ms
06-Jan-2018 16:50:11.568 INFO [main] org.apache.catalina.core.StandardService.startInternal Starting service [Catalina]
06-Jan-2018 16:50:11.568 INFO [main] org.apache.catalina.core.StandardEngine.startInternal Starting Servlet Engine: Apache Tomcat/8.5.24
06-Jan-2018 16:50:11.588 INFO [localhost-startStop-1] org.apache.catalina.startup.HostConfig.deployDirectory Deploying web application directory [D:\tomcat-8.5.24-8081\webapps\docs]
06-Jan-2018 16:50:12.004 INFO [localhost-startStop-1] org.apache.catalina.startup.HostConfig.deployDirectory Deployment of web application directory [D:\tomcat-8.5.24-8081\webapps\docs] has finished in [416] ms
06-Jan-2018 16:50:12.004 INFO [localhost-startStop-1] org.apache.catalina.startup.HostConfig.deployDirectory Deploying web application directory [D:\tomcat-8.5.24-8081\webapps\examples]
06-Jan-2018 16:50:14.634 INFO [localhost-startStop-1] org.apache.catalina.startup.HostConfig.deployDirectory Deployment of web application directory [D:\tomcat-8.5.24-8081\webapps\examples] has finished in [2,630] ms
06-Jan-2018 16:50:14.634 INFO [localhost-startStop-1] org.apache.catalina.startup.HostConfig.deployDirectory Deploying web application directory [D:\tomcat-8.5.24-8081\webapps\host-manager]
06-Jan-2018 16:50:14.704 INFO [localhost-startStop-1] org.apache.catalina.startup.HostConfig.deployDirectory Deployment of web application directory [D:\tomcat-8.5.24-8081\webapps\host-manager] has finished in [70] ms
06-Jan-2018 16:50:14.704 INFO [localhost-startStop-1] org.apache.catalina.startup.HostConfig.deployDirectory Deploying web application directory [D:\tomcat-8.5.24-8081\webapps\manager]
06-Jan-2018 16:50:14.757 INFO [localhost-startStop-1] org.apache.catalina.startup.HostConfig.deployDirectory Deployment of web application directory [D:\tomcat-8.5.24-8081\webapps\manager] has finished in [53] ms
06-Jan-2018 16:50:14.758 INFO [localhost-startStop-1] org.apache.catalina.startup.HostConfig.deployDirectory Deploying web application directory [D:\tomcat-8.5.24-8081\webapps\ROOT]
06-Jan-2018 16:50:14.795 INFO [localhost-startStop-1] org.apache.catalina.startup.HostConfig.deployDirectory Deployment of web application directory [D:\tomcat-8.5.24-8081\webapps\ROOT] has finished in [37] ms
06-Jan-2018 16:50:14.800 INFO [main] org.apache.coyote.AbstractProtocol.start Starting ProtocolHandler ["http-nio-8081"]
06-Jan-2018 16:50:14.810 INFO [main] org.apache.coyote.AbstractProtocol.start Starting ProtocolHandler ["ajp-nio-8010"]
06-Jan-2018 16:50:14.815 INFO [main] org.apache.catalina.startup.Catalina.start Server startup in 3306 ms
06-Jan-2018 16:51:10.210 INFO [Thread-4] org.apache.coyote.AbstractProtocol.pause Pausing ProtocolHandler ["http-nio-8081"]
06-Jan-2018 16:51:10.281 INFO [Thread-4] org.apache.coyote.AbstractProtocol.pause Pausing ProtocolHandler ["ajp-nio-8010"]
06-Jan-2018 16:51:10.296 INFO [Thread-4] org.apache.catalina.core.StandardService.stopInternal Stopping service [Catalina]
06-Jan-2018 16:51:11.248 INFO [Thread-4] org.apache.coyote.AbstractProtocol.stop Stopping ProtocolHandler ["http-nio-8081"]
06-Jan-2018 16:51:11.253 INFO [Thread-4] org.apache.coyote.AbstractProtocol.stop Stopping ProtocolHandler ["ajp-nio-8010"]
06-Jan-2018 16:51:11.258 INFO [Thread-4] org.apache.coyote.AbstractProtocol.destroy Destroying ProtocolHandler ["http-nio-8081"]
06-Jan-2018 16:51:11.258 INFO [Thread-4] org.apache.coyote.AbstractProtocol.destroy Destroying ProtocolHandler ["ajp-nio-8010"]
06-Jan-2018 17:21:48.121 INFO [main] org.apache.catalina.startup.VersionLoggerListener.log Server version:        Apache Tomcat/8.5.24
06-Jan-2018 17:21:48.137 INFO [main] org.apache.catalina.startup.VersionLoggerListener.log Server built:          Nov 27 2017 13:05:30 UTC
06-Jan-2018 17:21:48.137 INFO [main] org.apache.catalina.startup.VersionLoggerListener.log Server number:         8.5.24.0
06-Jan-2018 17:21:48.137 INFO [main] org.apache.catalina.startup.VersionLoggerListener.log OS Name:               Windows 10
06-Jan-2018 17:21:48.137 INFO [main] org.apache.catalina.startup.VersionLoggerListener.log OS Version:            10.0
06-Jan-2018 17:21:48.137 INFO [main] org.apache.catalina.startup.VersionLoggerListener.log Architecture:          amd64
06-Jan-2018 17:21:48.137 INFO [main] org.apache.catalina.startup.VersionLoggerListener.log Java Home:             C:\usr\Java\jdk1.8.0_71\jre
06-Jan-2018 17:21:48.137 INFO [main] org.apache.catalina.startup.VersionLoggerListener.log JVM Version:           1.8.0_71-b15
06-Jan-2018 17:21:48.137 INFO [main] org.apache.catalina.startup.VersionLoggerListener.log JVM Vendor:            Oracle Corporation
06-Jan-2018 17:21:48.137 INFO [main] org.apache.catalina.startup.VersionLoggerListener.log CATALINA_BASE:         D:\tomcat-8.5.24-8081
06-Jan-2018 17:21:48.137 INFO [main] org.apache.catalina.startup.VersionLoggerListener.log CATALINA_HOME:         D:\tomcat-8.5.24-8081
06-Jan-2018 17:21:48.137 INFO [main] org.apache.catalina.startup.VersionLoggerListener.log Command line argument: -Djava.util.logging.config.file=D:\tomcat-8.5.24-8081\conf\logging.properties
06-Jan-2018 17:21:48.137 INFO [main] org.apache.catalina.startup.VersionLoggerListener.log Command line argument: -Djava.util.logging.manager=org.apache.juli.ClassLoaderLogManager
06-Jan-2018 17:21:48.137 INFO [main] org.apache.catalina.startup.VersionLoggerListener.log Command line argument: -Djdk.tls.ephemeralDHKeySize=2048
06-Jan-2018 17:21:48.137 INFO [main] org.apache.catalina.startup.VersionLoggerListener.log Command line argument: -Djava.protocol.handler.pkgs=org.apache.catalina.webresources
06-Jan-2018 17:21:48.137 INFO [main] org.apache.catalina.startup.VersionLoggerListener.log Command line argument: -Dignore.endorsed.dirs=
06-Jan-2018 17:21:48.137 INFO [main] org.apache.catalina.startup.VersionLoggerListener.log Command line argument: -Dcatalina.base=D:\tomcat-8.5.24-8081
06-Jan-2018 17:21:48.137 INFO [main] org.apache.catalina.startup.VersionLoggerListener.log Command line argument: -Dcatalina.home=D:\tomcat-8.5.24-8081
06-Jan-2018 17:21:48.137 INFO [main] org.apache.catalina.startup.VersionLoggerListener.log Command line argument: -Djava.io.tmpdir=D:\tomcat-8.5.24-8081\temp
06-Jan-2018 17:21:48.137 INFO [main] org.apache.catalina.core.AprLifecycleListener.lifecycleEvent The APR based Apache Tomcat Native library which allows optimal performance in production environments was not found on the java.library.path: [C:\usr\Java\jdk1.8.0_71\bin;C:\WINDOWS\Sun\Java\bin;C:\WINDOWS\system32;C:\WINDOWS;C:\Python36\Scripts\;C:\Python36\;C:\usr\Java\jdk1.8.0_71\bin;C:\WINDOWS\system32;C:\WINDOWS;C:\WINDOWS\System32\Wbem;C:\WINDOWS\System32\WindowsPowerShell\v1.0\;C:\Program Files\Microsoft\Web Platform Installer\;C:\Program Files (x86)\Microsoft ASP.NET\ASP.NET Web Pages\v1.0\;C:\Program Files (x86)\Windows Kits\8.0\Windows Performance Toolkit\;C:\Program Files\Microsoft SQL Server\110\Tools\Binn\;c:\usr\ant193\bin;C:\usr\Git\cmd;C:\usr\Git\mingw64\bin;C:\usr\Git\usr\bin;C:\usr\nodejs\;C:\Users\kgary\AppData\Local\Microsoft\WindowsApps;C:\Users\kgary\AppData\Roaming\npm;.]
06-Jan-2018 17:21:48.861 INFO [main] org.apache.coyote.AbstractProtocol.init Initializing ProtocolHandler ["http-nio-8081"]
06-Jan-2018 17:21:48.955 INFO [main] org.apache.tomcat.util.net.NioSelectorPool.getSharedSelector Using a shared selector for servlet write/read
06-Jan-2018 17:21:48.970 INFO [main] org.apache.coyote.AbstractProtocol.init Initializing ProtocolHandler ["ajp-nio-8010"]
06-Jan-2018 17:21:48.970 INFO [main] org.apache.tomcat.util.net.NioSelectorPool.getSharedSelector Using a shared selector for servlet write/read
06-Jan-2018 17:21:48.970 INFO [main] org.apache.catalina.startup.Catalina.load Initialization processed in 1507 ms
06-Jan-2018 17:21:49.017 INFO [main] org.apache.catalina.core.StandardService.startInternal Starting service [Catalina]
06-Jan-2018 17:21:49.018 INFO [main] org.apache.catalina.core.StandardEngine.startInternal Starting Servlet Engine: Apache Tomcat/8.5.24
06-Jan-2018 17:21:49.025 INFO [localhost-startStop-1] org.apache.catalina.startup.HostConfig.deployDirectory Deploying web application directory [D:\tomcat-8.5.24-8081\webapps\docs]
06-Jan-2018 17:21:50.197 INFO [localhost-startStop-1] org.apache.catalina.startup.HostConfig.deployDirectory Deployment of web application directory [D:\tomcat-8.5.24-8081\webapps\docs] has finished in [1,157] ms
06-Jan-2018 17:21:50.197 INFO [localhost-startStop-1] org.apache.catalina.startup.HostConfig.deployDirectory Deploying web application directory [D:\tomcat-8.5.24-8081\webapps\examples]
06-Jan-2018 17:21:51.252 INFO [localhost-startStop-1] org.apache.catalina.startup.HostConfig.deployDirectory Deployment of web application directory [D:\tomcat-8.5.24-8081\webapps\examples] has finished in [1,055] ms
06-Jan-2018 17:21:51.252 INFO [localhost-startStop-1] org.apache.catalina.startup.HostConfig.deployDirectory Deploying web application directory [D:\tomcat-8.5.24-8081\webapps\host-manager]
06-Jan-2018 17:21:51.299 INFO [localhost-startStop-1] org.apache.catalina.startup.HostConfig.deployDirectory Deployment of web application directory [D:\tomcat-8.5.24-8081\webapps\host-manager] has finished in [47] ms
06-Jan-2018 17:21:51.299 INFO [localhost-startStop-1] org.apache.catalina.startup.HostConfig.deployDirectory Deploying web application directory [D:\tomcat-8.5.24-8081\webapps\manager]
06-Jan-2018 17:21:51.346 INFO [localhost-startStop-1] org.apache.catalina.startup.HostConfig.deployDirectory Deployment of web application directory [D:\tomcat-8.5.24-8081\webapps\manager] has finished in [47] ms
06-Jan-2018 17:21:51.346 INFO [localhost-startStop-1] org.apache.catalina.startup.HostConfig.deployDirectory Deploying web application directory [D:\tomcat-8.5.24-8081\webapps\ROOT]
06-Jan-2018 17:21:51.377 INFO [localhost-startStop-1] org.apache.catalina.startup.HostConfig.deployDirectory Deployment of web application directory [D:\tomcat-8.5.24-8081\webapps\ROOT] has finished in [31] ms
06-Jan-2018 17:21:51.377 INFO [main] org.apache.coyote.AbstractProtocol.start Starting ProtocolHandler ["http-nio-8081"]
06-Jan-2018 17:21:51.393 INFO [main] org.apache.coyote.AbstractProtocol.start Starting ProtocolHandler ["ajp-nio-8010"]
06-Jan-2018 17:21:51.408 INFO [main] org.apache.catalina.startup.Catalina.start Server startup in 2430 ms
06-Jan-2018 17:27:25.988 INFO [Thread-5] org.apache.coyote.AbstractProtocol.pause Pausing ProtocolHandler ["http-nio-8081"]
06-Jan-2018 17:27:26.129 INFO [Thread-5] org.apache.coyote.AbstractProtocol.pause Pausing ProtocolHandler ["ajp-nio-8010"]
06-Jan-2018 17:27:26.285 INFO [Thread-5] org.apache.catalina.core.StandardService.stopInternal Stopping service [Catalina]
06-Jan-2018 17:27:27.381 INFO [Thread-5] org.apache.coyote.AbstractProtocol.stop Stopping ProtocolHandler ["http-nio-8081"]
06-Jan-2018 17:27:27.381 INFO [Thread-5] org.apache.coyote.AbstractProtocol.stop Stopping ProtocolHandler ["ajp-nio-8010"]
06-Jan-2018 17:27:27.401 INFO [Thread-5] org.apache.coyote.AbstractProtocol.destroy Destroying ProtocolHandler ["http-nio-8081"]
06-Jan-2018 17:27:27.402 INFO [Thread-5] org.apache.coyote.AbstractProtocol.destroy Destroying ProtocolHandler ["ajp-nio-8010"]
