04-Jan-2018 18:49:55.328 INFO [main] org.apache.catalina.startup.VersionLoggerListener.log Server version:        Apache Tomcat/8.5.24
04-Jan-2018 18:49:55.331 INFO [main] org.apache.catalina.startup.VersionLoggerListener.log Server built:          Nov 27 2017 13:05:30 UTC
04-Jan-2018 18:49:55.331 INFO [main] org.apache.catalina.startup.VersionLoggerListener.log Server number:         8.5.24.0
04-Jan-2018 18:49:55.331 INFO [main] org.apache.catalina.startup.VersionLoggerListener.log OS Name:               Windows 7
04-Jan-2018 18:49:55.331 INFO [main] org.apache.catalina.startup.VersionLoggerListener.log OS Version:            6.1
04-Jan-2018 18:49:55.331 INFO [main] org.apache.catalina.startup.VersionLoggerListener.log Architecture:          amd64
04-Jan-2018 18:49:55.331 INFO [main] org.apache.catalina.startup.VersionLoggerListener.log Java Home:             c:\Java\jdk1.8.0_71\jre
04-Jan-2018 18:49:55.331 INFO [main] org.apache.catalina.startup.VersionLoggerListener.log JVM Version:           1.8.0_71-b15
04-Jan-2018 18:49:55.332 INFO [main] org.apache.catalina.startup.VersionLoggerListener.log JVM Vendor:            Oracle Corporation
04-Jan-2018 18:49:55.332 INFO [main] org.apache.catalina.startup.VersionLoggerListener.log CATALINA_BASE:         C:\Users\kgary\ser422\tomcat-8.5.24-8081
04-Jan-2018 18:49:55.332 INFO [main] org.apache.catalina.startup.VersionLoggerListener.log CATALINA_HOME:         C:\Users\kgary\ser422\tomcat-8.5.24-8081
04-Jan-2018 18:49:55.332 INFO [main] org.apache.catalina.startup.VersionLoggerListener.log Command line argument: -Djava.util.logging.config.file=C:\Users\kgary\ser422\tomcat-8.5.24-8081\conf\logging.properties
04-Jan-2018 18:49:55.332 INFO [main] org.apache.catalina.startup.VersionLoggerListener.log Command line argument: -Djava.util.logging.manager=org.apache.juli.ClassLoaderLogManager
04-Jan-2018 18:49:55.332 INFO [main] org.apache.catalina.startup.VersionLoggerListener.log Command line argument: -Djdk.tls.ephemeralDHKeySize=2048
04-Jan-2018 18:49:55.333 INFO [main] org.apache.catalina.startup.VersionLoggerListener.log Command line argument: -Djava.protocol.handler.pkgs=org.apache.catalina.webresources
04-Jan-2018 18:49:55.333 INFO [main] org.apache.catalina.startup.VersionLoggerListener.log Command line argument: -Dignore.endorsed.dirs=
04-Jan-2018 18:49:55.333 INFO [main] org.apache.catalina.startup.VersionLoggerListener.log Command line argument: -Dcatalina.base=C:\Users\kgary\ser422\tomcat-8.5.24-8081
04-Jan-2018 18:49:55.334 INFO [main] org.apache.catalina.startup.VersionLoggerListener.log Command line argument: -Dcatalina.home=C:\Users\kgary\ser422\tomcat-8.5.24-8081
04-Jan-2018 18:49:55.334 INFO [main] org.apache.catalina.startup.VersionLoggerListener.log Command line argument: -Djava.io.tmpdir=C:\Users\kgary\ser422\tomcat-8.5.24-8081\temp
04-Jan-2018 18:49:55.334 INFO [main] org.apache.catalina.core.AprLifecycleListener.lifecycleEvent The APR based Apache Tomcat Native library which allows optimal performance in production environments was not found on the java.library.path: [c:\Java\jdk1.8.0_71\bin;C:\windows\Sun\Java\bin;C:\windows\system32;C:\windows;C:\ProgramData\Oracle\Java\javapath;C:\windows\system32;C:\windows;C:\windows\System32\Wbem;C:\windows\System32\WindowsPowerShell\v1.0\;C:\Program Files (x86)\Windows Kits\8.1\Windows Performance Toolkit\;C:\Program Files\Microsoft SQL Server\110\Tools\Binn\;C:\Program Files (x86)\Microsoft SDKs\TypeScript\1.0\;C:\Program Files (x86)\Common Files\Roxio Shared\DLLShared\;C:\Program Files (x86)\Common Files\Roxio Shared\10.0\DLLShared\;C:\Program Files (x86)\Brackets\command;C:\nodejs66\;c:\Java\jdk1.8.0_71\bin;C:\Program Files (x86)\Google\Chrome\Application;C:\Users\kgary\AppData\Local\Programs\Git\cmd;c:\apache\apache-ant-1.9.6\bin;C:\Users\kgary\AppData\Local\atom\bin;C:\Users\kgary\AppData\Roaming\npm;.]
04-Jan-2018 18:49:55.443 INFO [main] org.apache.coyote.AbstractProtocol.init Initializing ProtocolHandler ["http-nio-8081"]
04-Jan-2018 18:49:55.503 INFO [main] org.apache.tomcat.util.net.NioSelectorPool.getSharedSelector Using a shared selector for servlet write/read
04-Jan-2018 18:49:55.509 INFO [main] org.apache.coyote.AbstractProtocol.init Initializing ProtocolHandler ["ajp-nio-8010"]
04-Jan-2018 18:49:55.512 INFO [main] org.apache.tomcat.util.net.NioSelectorPool.getSharedSelector Using a shared selector for servlet write/read
04-Jan-2018 18:49:55.513 INFO [main] org.apache.catalina.startup.Catalina.load Initialization processed in 481 ms
04-Jan-2018 18:49:55.536 INFO [main] org.apache.catalina.core.StandardService.startInternal Starting service [Catalina]
04-Jan-2018 18:49:55.536 INFO [main] org.apache.catalina.core.StandardEngine.startInternal Starting Servlet Engine: Apache Tomcat/8.5.24
04-Jan-2018 18:49:55.542 INFO [localhost-startStop-1] org.apache.catalina.startup.HostConfig.deployDirectory Deploying web application directory [C:\Users\kgary\ser422\tomcat-8.5.24-8081\webapps\docs]
04-Jan-2018 18:49:55.813 INFO [localhost-startStop-1] org.apache.catalina.startup.HostConfig.deployDirectory Deployment of web application directory [C:\Users\kgary\ser422\tomcat-8.5.24-8081\webapps\docs] has finished in [270] ms
04-Jan-2018 18:49:55.813 INFO [localhost-startStop-1] org.apache.catalina.startup.HostConfig.deployDirectory Deploying web application directory [C:\Users\kgary\ser422\tomcat-8.5.24-8081\webapps\examples]
04-Jan-2018 18:49:56.082 INFO [localhost-startStop-1] org.apache.catalina.startup.HostConfig.deployDirectory Deployment of web application directory [C:\Users\kgary\ser422\tomcat-8.5.24-8081\webapps\examples] has finished in [269] ms
04-Jan-2018 18:49:56.082 INFO [localhost-startStop-1] org.apache.catalina.startup.HostConfig.deployDirectory Deploying web application directory [C:\Users\kgary\ser422\tomcat-8.5.24-8081\webapps\host-manager]
04-Jan-2018 18:49:56.110 INFO [localhost-startStop-1] org.apache.catalina.startup.HostConfig.deployDirectory Deployment of web application directory [C:\Users\kgary\ser422\tomcat-8.5.24-8081\webapps\host-manager] has finished in [28] ms
04-Jan-2018 18:49:56.110 INFO [localhost-startStop-1] org.apache.catalina.startup.HostConfig.deployDirectory Deploying web application directory [C:\Users\kgary\ser422\tomcat-8.5.24-8081\webapps\manager]
04-Jan-2018 18:49:56.133 INFO [localhost-startStop-1] org.apache.catalina.startup.HostConfig.deployDirectory Deployment of web application directory [C:\Users\kgary\ser422\tomcat-8.5.24-8081\webapps\manager] has finished in [22] ms
04-Jan-2018 18:49:56.133 INFO [localhost-startStop-1] org.apache.catalina.startup.HostConfig.deployDirectory Deploying web application directory [C:\Users\kgary\ser422\tomcat-8.5.24-8081\webapps\ROOT]
04-Jan-2018 18:49:56.152 INFO [localhost-startStop-1] org.apache.catalina.startup.HostConfig.deployDirectory Deployment of web application directory [C:\Users\kgary\ser422\tomcat-8.5.24-8081\webapps\ROOT] has finished in [19] ms
04-Jan-2018 18:49:56.155 INFO [main] org.apache.coyote.AbstractProtocol.start Starting ProtocolHandler ["http-nio-8081"]
04-Jan-2018 18:49:56.163 INFO [main] org.apache.coyote.AbstractProtocol.start Starting ProtocolHandler ["ajp-nio-8010"]
04-Jan-2018 18:49:56.165 INFO [main] org.apache.catalina.startup.Catalina.start Server startup in 651 ms
