::1 - - [04/Jan/2018:19:03:16 -0700] "GET / HTTP/1.1" 200 46
::1 - - [04/Jan/2018:19:03:17 -0700] "GET /favicon.ico HTTP/1.1" 404 209
::1 - - [04/Jan/2018:19:17:40 -0700] "GET / HTTP/1.1" 304 -
::1 - - [04/Jan/2018:19:18:03 -0700] "GET / HTTP/1.1" 200 50
::1 - - [04/Jan/2018:19:19:04 -0700] "-" 408 -
::1 - - [04/Jan/2018:19:19:04 -0700] "-" 408 -
::1 - - [04/Jan/2018:19:34:08 -0700] "GET / HTTP/1.1" 200 11432
::1 - - [04/Jan/2018:19:34:08 -0700] "GET /tomcat.css HTTP/1.1" 200 5931
::1 - - [04/Jan/2018:19:34:08 -0700] "GET /tomcat.png HTTP/1.1" 200 5103
::1 - - [04/Jan/2018:19:34:08 -0700] "GET /bg-nav.png HTTP/1.1" 200 1401
::1 - - [04/Jan/2018:19:34:08 -0700] "GET /asf-logo-wide.svg HTTP/1.1" 200 27530
::1 - - [04/Jan/2018:19:34:08 -0700] "GET /bg-button.png HTTP/1.1" 200 713
::1 - - [04/Jan/2018:19:34:08 -0700] "GET /bg-upper.png HTTP/1.1" 200 3103
::1 - - [04/Jan/2018:19:34:08 -0700] "GET /bg-middle.png HTTP/1.1" 200 1918
::1 - - [04/Jan/2018:19:34:30 -0700] "GET /manager/status HTTP/1.1" 401 2536
::1 - - [04/Jan/2018:19:34:38 -0700] "GET /manager/status HTTP/1.1" 200 7166
::1 - - [04/Jan/2018:19:34:38 -0700] "GET /manager/images/tomcat.gif HTTP/1.1" 200 2066
::1 - - [04/Jan/2018:19:34:38 -0700] "GET /manager/images/asf-logo.svg HTTP/1.1" 200 20712
::1 - - [04/Jan/2018:19:36:20 -0700] "GET / HTTP/1.1" 200 11432
::1 - - [04/Jan/2018:19:36:20 -0700] "GET /tomcat.css HTTP/1.1" 200 5931
::1 - - [04/Jan/2018:19:36:20 -0700] "GET /tomcat.png HTTP/1.1" 200 5103
::1 - - [04/Jan/2018:19:36:20 -0700] "GET /bg-nav.png HTTP/1.1" 200 1401
::1 - - [04/Jan/2018:19:36:20 -0700] "GET /bg-middle.png HTTP/1.1" 200 1918
::1 - - [04/Jan/2018:19:36:20 -0700] "GET /bg-upper.png HTTP/1.1" 200 3103
::1 - - [04/Jan/2018:19:36:20 -0700] "GET /bg-button.png HTTP/1.1" 200 713
::1 - - [04/Jan/2018:19:36:20 -0700] "GET /asf-logo-wide.svg HTTP/1.1" 200 27530
::1 - - [04/Jan/2018:19:36:20 -0700] "GET /favicon.ico HTTP/1.1" 200 21630
::1 - - [04/Jan/2018:19:36:22 -0700] "GET /manager/status HTTP/1.1" 401 2536
::1 - - [04/Jan/2018:19:36:28 -0700] "GET /manager/status HTTP/1.1" 200 7066
::1 - - [04/Jan/2018:19:36:29 -0700] "GET /manager/images/asf-logo.svg HTTP/1.1" 200 20712
::1 - - [04/Jan/2018:19:36:29 -0700] "GET /manager/images/tomcat.gif HTTP/1.1" 200 2066
::1 - - [04/Jan/2018:19:50:37 -0700] "GET / HTTP/1.1" 200 11432
::1 - - [04/Jan/2018:19:50:37 -0700] "GET /tomcat.css HTTP/1.1" 304 -
::1 - - [04/Jan/2018:19:50:37 -0700] "GET /tomcat.png HTTP/1.1" 304 -
::1 - - [04/Jan/2018:19:50:37 -0700] "GET /bg-nav.png HTTP/1.1" 304 -
::1 - - [04/Jan/2018:19:50:37 -0700] "GET /bg-upper.png HTTP/1.1" 304 -
::1 - - [04/Jan/2018:19:50:37 -0700] "GET /asf-logo-wide.svg HTTP/1.1" 304 -
::1 - - [04/Jan/2018:19:50:37 -0700] "GET /bg-button.png HTTP/1.1" 304 -
::1 - - [04/Jan/2018:19:50:37 -0700] "GET /bg-middle.png HTTP/1.1" 304 -
::1 - - [04/Jan/2018:19:51:03 -0700] "GET /manager/html HTTP/1.1" 200 16766
::1 - - [04/Jan/2018:19:51:03 -0700] "GET /manager/images/asf-logo.svg HTTP/1.1" 304 -
::1 - - [04/Jan/2018:19:51:03 -0700] "GET /manager/images/tomcat.gif HTTP/1.1" 304 -
::1 - - [04/Jan/2018:19:51:09 -0700] "GET /manager/status?org.apache.catalina.filters.CSRF_NONCE=542A9ED9F7765B693CB0C9C6403EDDF5 HTTP/1.1" 200 7237
::1 - - [04/Jan/2018:19:51:59 -0700] "GET / HTTP/1.1" 200 11432
::1 - - [04/Jan/2018:19:51:59 -0700] "GET /tomcat.css HTTP/1.1" 200 5931
::1 - - [04/Jan/2018:19:51:59 -0700] "GET /tomcat.png HTTP/1.1" 200 5103
::1 - - [04/Jan/2018:19:51:59 -0700] "GET /bg-nav.png HTTP/1.1" 200 1401
::1 - - [04/Jan/2018:19:51:59 -0700] "GET /bg-middle.png HTTP/1.1" 200 1918
::1 - - [04/Jan/2018:19:51:59 -0700] "GET /bg-upper.png HTTP/1.1" 200 3103
::1 - - [04/Jan/2018:19:51:59 -0700] "GET /asf-logo-wide.svg HTTP/1.1" 200 27530
::1 - - [04/Jan/2018:19:51:59 -0700] "GET /bg-button.png HTTP/1.1" 200 713
::1 - - [04/Jan/2018:19:52:07 -0700] "GET / HTTP/1.1" 200 11432
::1 - - [04/Jan/2018:19:52:07 -0700] "GET /tomcat.css HTTP/1.1" 304 -
::1 - - [04/Jan/2018:19:52:07 -0700] "GET /tomcat.png HTTP/1.1" 304 -
::1 - - [04/Jan/2018:19:52:07 -0700] "GET /asf-logo-wide.svg HTTP/1.1" 304 -
::1 - - [04/Jan/2018:19:52:07 -0700] "GET /bg-nav.png HTTP/1.1" 304 -
::1 - - [04/Jan/2018:19:52:07 -0700] "GET /bg-upper.png HTTP/1.1" 304 -
::1 - - [04/Jan/2018:19:52:07 -0700] "GET /bg-middle.png HTTP/1.1" 304 -
::1 - - [04/Jan/2018:19:52:07 -0700] "GET /bg-button.png HTTP/1.1" 304 -
::1 - - [04/Jan/2018:19:52:21 -0700] "GET /manager/status HTTP/1.1" 401 2536
::1 - - [04/Jan/2018:19:52:23 -0700] "GET /manager/status HTTP/1.1" 200 7066
::1 - - [04/Jan/2018:19:52:23 -0700] "GET /manager/images/tomcat.gif HTTP/1.1" 304 -
::1 - - [04/Jan/2018:19:52:23 -0700] "GET /manager/images/asf-logo.svg HTTP/1.1" 304 -
::1 - - [04/Jan/2018:19:52:51 -0700] "GET /manager/html/list HTTP/1.1" 200 17998
::1 - - [04/Jan/2018:19:52:53 -0700] "GET /examples/ HTTP/1.1" 200 1156
::1 - - [04/Jan/2018:19:52:55 -0700] "GET /examples/servlets HTTP/1.1" 302 -
::1 - - [04/Jan/2018:19:52:55 -0700] "GET /examples/servlets/ HTTP/1.1" 200 6599
::1 - - [04/Jan/2018:19:52:55 -0700] "GET /examples/servlets/images/execute.gif HTTP/1.1" 200 1242
::1 - - [04/Jan/2018:19:52:55 -0700] "GET /examples/servlets/images/code.gif HTTP/1.1" 200 292
::1 - - [04/Jan/2018:19:52:55 -0700] "GET /examples/servlets/images/return.gif HTTP/1.1" 200 1231
::1 - - [04/Jan/2018:19:52:58 -0700] "GET /examples/servlets/servlet/RequestParamExample HTTP/1.1" 200 698
::1 - - [04/Jan/2018:19:53:03 -0700] "POST /examples/servlets/servlet/RequestParamExample HTTP/1.1" 200 714
::1 - - [04/Jan/2018:19:53:09 -0700] "POST /examples/servlets/servlet/RequestParamExample HTTP/1.1" 200 713
::1 - - [04/Jan/2018:19:53:26 -0700] "GET /manager/html/list HTTP/1.1" 200 16766
::1 - - [04/Jan/2018:19:53:28 -0700] "GET /examples/ HTTP/1.1" 200 1156
::1 - - [04/Jan/2018:19:53:34 -0700] "GET /examples/servlets HTTP/1.1" 302 -
::1 - - [04/Jan/2018:19:53:34 -0700] "GET /examples/servlets/ HTTP/1.1" 200 6599
::1 - - [04/Jan/2018:19:53:34 -0700] "GET /examples/servlets/images/execute.gif HTTP/1.1" 200 1242
::1 - - [04/Jan/2018:19:53:34 -0700] "GET /examples/servlets/images/return.gif HTTP/1.1" 200 1231
::1 - - [04/Jan/2018:19:53:34 -0700] "GET /examples/servlets/images/code.gif HTTP/1.1" 200 292
::1 - - [04/Jan/2018:19:53:41 -0700] "GET /examples/servlets/servlet/RequestHeaderExample HTTP/1.1" 200 1570
::1 - - [04/Jan/2018:19:54:08 -0700] "GET /examples/servlets/servlet/RequestHeaderExample HTTP/1.1" 200 1508
::1 - - [06/Jan/2018:16:46:36 -0700] "GET / HTTP/1.1" 503 299
::1 - - [06/Jan/2018:16:46:40 -0700] "GET /favicon.ico HTTP/1.1" 503 299
::1 - - [06/Jan/2018:16:50:43 -0700] "GET / HTTP/1.1" 200 11432
::1 - - [06/Jan/2018:16:50:43 -0700] "GET /tomcat.png HTTP/1.1" 200 5103
::1 - - [06/Jan/2018:16:50:43 -0700] "GET /tomcat.css HTTP/1.1" 200 5931
::1 - - [06/Jan/2018:16:50:43 -0700] "GET /bg-nav.png HTTP/1.1" 200 1401
::1 - - [06/Jan/2018:16:50:43 -0700] "GET /bg-upper.png HTTP/1.1" 200 3103
::1 - - [06/Jan/2018:16:50:43 -0700] "GET /bg-middle.png HTTP/1.1" 200 1918
::1 - - [06/Jan/2018:16:50:43 -0700] "GET /bg-button.png HTTP/1.1" 200 713
::1 - - [06/Jan/2018:16:50:43 -0700] "GET /asf-logo-wide.svg HTTP/1.1" 200 27530
::1 - - [06/Jan/2018:16:50:45 -0700] "GET /manager/html HTTP/1.1" 401 2536
::1 - - [06/Jan/2018:16:50:51 -0700] "GET /manager/html HTTP/1.1" 200 17997
::1 - - [06/Jan/2018:16:50:51 -0700] "GET /manager/images/tomcat.gif HTTP/1.1" 200 2066
::1 - - [06/Jan/2018:16:50:51 -0700] "GET /manager/images/asf-logo.svg HTTP/1.1" 200 20712
::1 - - [06/Jan/2018:16:50:53 -0700] "GET /examples/ HTTP/1.1" 200 1156
::1 - - [06/Jan/2018:16:50:56 -0700] "GET /examples/servlets HTTP/1.1" 302 -
::1 - - [06/Jan/2018:16:50:57 -0700] "GET /examples/servlets/ HTTP/1.1" 200 6599
::1 - - [06/Jan/2018:16:50:57 -0700] "GET /examples/servlets/images/code.gif HTTP/1.1" 200 292
::1 - - [06/Jan/2018:16:50:57 -0700] "GET /examples/servlets/images/return.gif HTTP/1.1" 200 1231
::1 - - [06/Jan/2018:16:50:57 -0700] "GET /examples/servlets/images/execute.gif HTTP/1.1" 200 1242
::1 - - [06/Jan/2018:16:50:59 -0700] "GET /examples/servlets/servlet/RequestHeaderExample HTTP/1.1" 200 1469
::1 - - [06/Jan/2018:17:22:41 -0700] "GET / HTTP/1.1" 200 11432
::1 - - [06/Jan/2018:17:22:42 -0700] "GET /tomcat.png HTTP/1.1" 200 5103
::1 - - [06/Jan/2018:17:22:42 -0700] "GET /tomcat.css HTTP/1.1" 200 5931
::1 - - [06/Jan/2018:17:22:42 -0700] "GET /bg-button.png HTTP/1.1" 200 713
::1 - - [06/Jan/2018:17:22:42 -0700] "GET /bg-middle.png HTTP/1.1" 200 1918
::1 - - [06/Jan/2018:17:22:42 -0700] "GET /bg-nav.png HTTP/1.1" 200 1401
::1 - - [06/Jan/2018:17:22:42 -0700] "GET /bg-upper.png HTTP/1.1" 200 3103
::1 - - [06/Jan/2018:17:22:42 -0700] "GET /asf-logo-wide.svg HTTP/1.1" 200 27530
::1 - - [06/Jan/2018:17:22:42 -0700] "GET /favicon.ico HTTP/1.1" 200 21630
::1 - - [06/Jan/2018:17:22:48 -0700] "GET /manager/html HTTP/1.1" 401 2536
::1 - - [06/Jan/2018:17:22:57 -0700] "GET /manager/html HTTP/1.1" 200 18005
::1 - - [06/Jan/2018:17:22:57 -0700] "GET /manager/images/tomcat.gif HTTP/1.1" 200 2066
::1 - - [06/Jan/2018:17:22:57 -0700] "GET /manager/images/asf-logo.svg HTTP/1.1" 200 20712
::1 - - [06/Jan/2018:17:23:06 -0700] "GET /manager/status;jsessionid=66DD6F7212117C42B90CD5A46E5119AA?org.apache.catalina.filters.CSRF_NONCE=2BA5CA9752F8932B96ADB30A91164FE5 HTTP/1.1" 200 7279
::1 - - [06/Jan/2018:17:25:33 -0700] "GET / HTTP/1.1" 200 11432
::1 - - [06/Jan/2018:17:25:34 -0700] "GET /tomcat.css HTTP/1.1" 200 5931
::1 - - [06/Jan/2018:17:25:34 -0700] "GET /tomcat.png HTTP/1.1" 200 5103
::1 - - [06/Jan/2018:17:25:34 -0700] "GET /bg-upper.png HTTP/1.1" 200 3103
::1 - - [06/Jan/2018:17:25:34 -0700] "GET /bg-button.png HTTP/1.1" 200 713
::1 - - [06/Jan/2018:17:25:34 -0700] "GET /bg-nav.png HTTP/1.1" 200 1401
::1 - - [06/Jan/2018:17:25:34 -0700] "GET /asf-logo-wide.svg HTTP/1.1" 200 27530
::1 - - [06/Jan/2018:17:25:34 -0700] "GET /bg-middle.png HTTP/1.1" 200 1918
::1 - - [06/Jan/2018:17:25:38 -0700] "GET /manager/status HTTP/1.1" 401 2536
::1 - - [06/Jan/2018:17:25:54 -0700] "GET /manager/status HTTP/1.1" 200 7066
::1 - - [06/Jan/2018:17:25:54 -0700] "GET /manager/images/tomcat.gif HTTP/1.1" 200 2066
::1 - - [06/Jan/2018:17:25:54 -0700] "GET /manager/images/asf-logo.svg HTTP/1.1" 200 20712
::1 - - [06/Jan/2018:17:26:07 -0700] "GET /manager/html/list HTTP/1.1" 200 18005
::1 - - [06/Jan/2018:17:26:10 -0700] "GET /examples/ HTTP/1.1" 200 1156
::1 - - [06/Jan/2018:17:26:12 -0700] "GET /examples/servlets HTTP/1.1" 302 -
::1 - - [06/Jan/2018:17:26:12 -0700] "GET /examples/servlets/ HTTP/1.1" 200 6599
::1 - - [06/Jan/2018:17:26:12 -0700] "GET /examples/servlets/images/code.gif HTTP/1.1" 200 292
::1 - - [06/Jan/2018:17:26:12 -0700] "GET /examples/servlets/images/execute.gif HTTP/1.1" 200 1242
::1 - - [06/Jan/2018:17:26:12 -0700] "GET /examples/servlets/images/return.gif HTTP/1.1" 200 1231
::1 - - [06/Jan/2018:17:26:15 -0700] "GET /examples/servlets/servlet/RequestParamExample HTTP/1.1" 200 698
::1 - - [06/Jan/2018:17:26:22 -0700] "POST /examples/servlets/servlet/RequestParamExample HTTP/1.1" 200 711
::1 - - [06/Jan/2018:17:26:35 -0700] "GET /manager/html/list HTTP/1.1" 200 16773
::1 - - [06/Jan/2018:17:26:39 -0700] "GET /examples/ HTTP/1.1" 200 1156
::1 - - [06/Jan/2018:17:26:42 -0700] "GET /examples/servlets HTTP/1.1" 302 -
::1 - - [06/Jan/2018:17:26:42 -0700] "GET /examples/servlets/ HTTP/1.1" 200 6599
::1 - - [06/Jan/2018:17:26:43 -0700] "GET /examples/servlets/images/execute.gif HTTP/1.1" 200 1242
::1 - - [06/Jan/2018:17:26:43 -0700] "GET /examples/servlets/images/code.gif HTTP/1.1" 200 292
::1 - - [06/Jan/2018:17:26:43 -0700] "GET /examples/servlets/images/return.gif HTTP/1.1" 200 1231
::1 - - [06/Jan/2018:17:26:46 -0700] "GET /examples/servlets/servlet/RequestHeaderExample HTTP/1.1" 200 1583
::1 - - [06/Jan/2018:17:26:57 -0700] "GET /examples/servlets/servlet/RequestParamExample HTTP/1.1" 200 698
::1 - - [06/Jan/2018:17:27:01 -0700] "GET /examples/servlets/servlet/RequestHeaderExample HTTP/1.1" 200 1467
::1 - - [29/Jan/2018:12:55:53 -0700] "GET / HTTP/1.1" 503 299
::1 - - [29/Jan/2018:12:55:58 -0700] "GET /favicon.ico HTTP/1.1" 503 299
::1 - - [29/Jan/2018:12:56:13 -0700] "GET / HTTP/1.1" 503 299
::1 - - [29/Jan/2018:12:56:17 -0700] "GET /favicon.ico HTTP/1.1" 503 299
::1 - - [29/Jan/2018:12:56:24 -0700] "GET /favicon.ico HTTP/1.1" 503 299
::1 - - [29/Jan/2018:12:59:56 -0700] "GET / HTTP/1.1" 503 299
::1 - - [29/Jan/2018:13:00:00 -0700] "GET /favicon.ico HTTP/1.1" 503 299
::1 - - [29/Jan/2018:13:00:02 -0700] "GET / HTTP/1.1" 503 299
::1 - - [29/Jan/2018:13:00:06 -0700] "GET /favicon.ico HTTP/1.1" 503 299
127.0.0.1 - - [29/Jan/2018:13:00:46 -0700] "GET / HTTP/1.1" 503 299
::1 - - [29/Jan/2018:13:00:48 -0700] "GET / HTTP/1.1" 503 299
::1 - - [29/Jan/2018:13:00:52 -0700] "GET /favicon.ico HTTP/1.1" 503 299
::1 - - [29/Jan/2018:13:02:46 -0700] "GET / HTTP/1.1" 200 11432
::1 - - [29/Jan/2018:13:02:48 -0700] "GET /tomcat.png HTTP/1.1" 200 5103
::1 - - [29/Jan/2018:13:02:48 -0700] "GET /tomcat.css HTTP/1.1" 200 5931
::1 - - [29/Jan/2018:13:02:48 -0700] "GET /bg-upper.png HTTP/1.1" 200 3103
::1 - - [29/Jan/2018:13:02:48 -0700] "GET /bg-nav.png HTTP/1.1" 200 1401
::1 - - [29/Jan/2018:13:02:48 -0700] "GET /asf-logo-wide.svg HTTP/1.1" 200 27530
::1 - - [29/Jan/2018:13:02:48 -0700] "GET /bg-middle.png HTTP/1.1" 200 1918
::1 - - [29/Jan/2018:13:02:48 -0700] "GET /bg-button.png HTTP/1.1" 200 713
::1 - - [29/Jan/2018:13:02:48 -0700] "GET /favicon.ico HTTP/1.1" 200 21630
::1 - - [29/Jan/2018:13:02:54 -0700] "GET / HTTP/1.1" 503 299
::1 - - [29/Jan/2018:13:03:08 -0700] "GET / HTTP/1.1" 200 11432
::1 - - [29/Jan/2018:13:04:04 -0700] "GET / HTTP/1.1" 200 11432
::1 - - [29/Jan/2018:19:30:34 -0700] "GET / HTTP/1.1" 200 11432
::1 - - [29/Jan/2018:19:30:34 -0700] "GET /tomcat.png HTTP/1.1" 200 5103
::1 - - [29/Jan/2018:19:30:34 -0700] "GET /tomcat.css HTTP/1.1" 200 5931
::1 - - [29/Jan/2018:19:30:35 -0700] "GET /bg-nav.png HTTP/1.1" 200 1401
::1 - - [29/Jan/2018:19:30:35 -0700] "GET /bg-upper.png HTTP/1.1" 200 3103
::1 - - [29/Jan/2018:19:30:35 -0700] "GET /asf-logo-wide.svg HTTP/1.1" 200 27530
::1 - - [29/Jan/2018:19:30:35 -0700] "GET /bg-middle.png HTTP/1.1" 200 1918
::1 - - [29/Jan/2018:19:30:35 -0700] "GET /bg-button.png HTTP/1.1" 200 713
::1 - - [29/Jan/2018:19:58:38 -0700] "GET / HTTP/1.1" 503 299
::1 - - [29/Jan/2018:19:59:47 -0700] "GET / HTTP/1.1" 200 11432
::1 - - [29/Jan/2018:20:00:27 -0700] "GET / HTTP/1.1" 503 299
::1 - - [29/Jan/2018:20:01:15 -0700] "GET / HTTP/1.1" 200 11432
::1 - - [29/Jan/2018:21:53:03 -0700] "GET / HTTP/1.1" 200 11432
::1 - - [29/Jan/2018:21:53:04 -0700] "GET /favicon.ico HTTP/1.1" 200 21630
::1 - - [29/Jan/2018:22:11:37 -0700] "GET / HTTP/1.1" 200 11432
::1 - - [29/Jan/2018:22:11:37 -0700] "GET /favicon.ico HTTP/1.1" 200 21630
::1 - - [29/Jan/2018:22:11:40 -0700] "GET / HTTP/1.1" 200 11432
::1 - - [29/Jan/2018:22:11:40 -0700] "GET /tomcat.css HTTP/1.1" 200 5931
::1 - - [29/Jan/2018:22:11:40 -0700] "GET /tomcat.png HTTP/1.1" 200 5103
::1 - - [29/Jan/2018:22:11:40 -0700] "GET /asf-logo-wide.svg HTTP/1.1" 200 27530
::1 - - [29/Jan/2018:22:11:40 -0700] "GET /bg-nav.png HTTP/1.1" 200 1401
::1 - - [29/Jan/2018:22:11:40 -0700] "GET /bg-upper.png HTTP/1.1" 200 3103
::1 - - [29/Jan/2018:22:11:40 -0700] "GET /bg-button.png HTTP/1.1" 200 713
::1 - - [29/Jan/2018:22:11:40 -0700] "GET /bg-middle.png HTTP/1.1" 200 1918
::1 - - [29/Jan/2018:22:11:40 -0700] "GET /favicon.ico HTTP/1.1" 200 21630
::1 - - [29/Jan/2018:22:51:25 -0700] "GET / HTTP/1.1" 503 299
::1 - - [29/Jan/2018:22:51:30 -0700] "GET /favicon.ico HTTP/1.1" 503 299
::1 - - [06/Feb/2018:21:01:46 -0700] "GET / HTTP/1.1" 200 11432
::1 - - [06/Feb/2018:21:01:49 -0700] "GET /tomcat.png HTTP/1.1" 200 5103
::1 - - [06/Feb/2018:21:01:49 -0700] "GET /tomcat.css HTTP/1.1" 200 5931
::1 - - [06/Feb/2018:21:01:50 -0700] "GET /bg-upper.png HTTP/1.1" 200 3103
::1 - - [06/Feb/2018:21:01:50 -0700] "GET /bg-button.png HTTP/1.1" 200 713
::1 - - [06/Feb/2018:21:01:50 -0700] "GET /bg-middle.png HTTP/1.1" 200 1918
::1 - - [06/Feb/2018:21:01:50 -0700] "GET /bg-nav.png HTTP/1.1" 200 1401
::1 - - [06/Feb/2018:21:01:50 -0700] "GET /asf-logo-wide.svg HTTP/1.1" 200 27530
::1 - - [06/Feb/2018:21:01:50 -0700] "GET /favicon.ico HTTP/1.1" 200 21630
::1 - - [06/Feb/2018:21:01:55 -0700] "GET /manager/status HTTP/1.1" 401 2536
::1 - - [06/Feb/2018:21:02:00 -0700] "GET /manager/status HTTP/1.1" 200 7449
::1 - - [06/Feb/2018:21:02:00 -0700] "GET /manager/images/tomcat.gif HTTP/1.1" 200 2066
::1 - - [06/Feb/2018:21:02:00 -0700] "GET /manager/images/asf-logo.svg HTTP/1.1" 200 20712
::1 - - [06/Feb/2018:21:02:34 -0700] "GET / HTTP/1.1" 200 11432
::1 - - [06/Feb/2018:21:02:38 -0700] "GET /tomcat.css HTTP/1.1" 200 5931
::1 - - [06/Feb/2018:21:02:38 -0700] "GET /favicon.ico HTTP/1.1" 304 -
::1 - - [06/Feb/2018:21:02:38 -0700] "GET /tomcat.png HTTP/1.1" 200 5103
::1 - - [06/Feb/2018:21:02:39 -0700] "GET /bg-nav.png HTTP/1.1" 200 1401
::1 - - [06/Feb/2018:21:02:39 -0700] "GET /asf-logo-wide.svg HTTP/1.1" 200 27530
::1 - - [06/Feb/2018:21:02:39 -0700] "GET /bg-upper.png HTTP/1.1" 200 3103
::1 - - [06/Feb/2018:21:02:39 -0700] "GET /bg-button.png HTTP/1.1" 200 713
::1 - - [06/Feb/2018:21:02:44 -0700] "GET /manager/status HTTP/1.1" 401 2536
::1 - - [06/Feb/2018:21:02:48 -0700] "GET /manager/status HTTP/1.1" 200 7157
::1 - - [06/Feb/2018:21:02:48 -0700] "GET /manager/images/tomcat.gif HTTP/1.1" 200 2066
::1 - - [06/Feb/2018:21:02:48 -0700] "GET /manager/images/asf-logo.svg HTTP/1.1" 200 20712
::1 - - [06/Feb/2018:21:09:16 -0700] "GET /context/path?languages=Java&languages=Scala HTTP/1.1" 404 1090
::1 - - [06/Feb/2018:21:09:16 -0700] "GET /favicon.ico HTTP/1.1" 200 21630
::1 - - [06/Feb/2018:21:10:16 -0700] "-" 408 -
::1 - - [06/Feb/2018:23:09:54 -0700] "GET / HTTP/1.1" 200 11432
::1 - - [06/Feb/2018:23:09:56 -0700] "GET /bg-upper.png HTTP/1.1" 304 -
::1 - - [06/Feb/2018:23:09:56 -0700] "GET /bg-middle.png HTTP/1.1" 304 -
::1 - - [06/Feb/2018:23:09:58 -0700] "GET /manager/html HTTP/1.1" 401 2536
::1 - - [06/Feb/2018:23:10:27 -0700] "GET /manager/html HTTP/1.1" 200 18001
::1 - - [06/Feb/2018:23:10:58 -0700] "GET / HTTP/1.1" 200 11432
::1 - - [06/Feb/2018:23:10:59 -0700] "GET /tomcat.png HTTP/1.1" 200 5103
::1 - - [06/Feb/2018:23:10:59 -0700] "GET /tomcat.css HTTP/1.1" 200 5931
::1 - - [06/Feb/2018:23:10:59 -0700] "GET /bg-upper.png HTTP/1.1" 200 3103
::1 - - [06/Feb/2018:23:10:59 -0700] "GET /bg-middle.png HTTP/1.1" 200 1918
::1 - - [06/Feb/2018:23:10:59 -0700] "GET /bg-button.png HTTP/1.1" 200 713
::1 - - [06/Feb/2018:23:10:59 -0700] "GET /bg-nav.png HTTP/1.1" 200 1401
::1 - - [06/Feb/2018:23:10:59 -0700] "GET /asf-logo-wide.svg HTTP/1.1" 200 27530
::1 - - [06/Feb/2018:23:11:13 -0700] "GET /manager/status HTTP/1.1" 401 2536
::1 - - [06/Feb/2018:23:11:17 -0700] "GET /manager/status HTTP/1.1" 200 7445
::1 - - [06/Feb/2018:23:11:17 -0700] "GET /manager/images/tomcat.gif HTTP/1.1" 200 2066
::1 - - [06/Feb/2018:23:11:17 -0700] "GET /manager/images/asf-logo.svg HTTP/1.1" 200 20712
::1 - - [06/Feb/2018:23:12:33 -0700] "GET /manager/status/all HTTP/1.1" 200 14980
::1 - - [06/Feb/2018:23:12:37 -0700] "GET /manager/status HTTP/1.1" 200 7446
::1 - - [06/Feb/2018:23:12:55 -0700] "GET /manager/html/list HTTP/1.1" 200 18001
::1 - - [06/Feb/2018:23:12:58 -0700] "GET /manager/status;jsessionid=70AAB1D40621EE278E265E9E456780E1?org.apache.catalina.filters.CSRF_NONCE=DB16FC9727D558E95D65AB6E09683039 HTTP/1.1" 200 7562
::1 - - [06/Feb/2018:23:13:03 -0700] "GET /manager/status/all HTTP/1.1" 200 14981
::1 - - [06/Feb/2018:23:13:08 -0700] "GET / HTTP/1.1" 200 11432
::1 - - [06/Feb/2018:23:13:13 -0700] "GET /manager/status HTTP/1.1" 200 7445
::1 - - [06/Feb/2018:23:13:16 -0700] "GET /manager/html HTTP/1.1" 200 16769
::1 - - [06/Feb/2018:23:13:24 -0700] "GET /manager/status;jsessionid=AD026A30D9BE500B44A720DD3EE8D04D?org.apache.catalina.filters.CSRF_NONCE=72F262496603993C23C665C9C367F5B3 HTTP/1.1" 200 7179
::1 - - [06/Feb/2018:23:13:32 -0700] "GET /manager/status/all HTTP/1.1" 200 14597
::1 - - [06/Feb/2018:23:13:34 -0700] "GET /manager/status?org.apache.catalina.filters.CSRF_NONCE=0D286E6631EB9BFA767C25C7802733D4 HTTP/1.1" 200 7517
::1 - - [06/Feb/2018:23:13:45 -0700] "GET /manager/status HTTP/1.1" 200 7062
::1 - - [06/Feb/2018:23:13:46 -0700] "GET /manager/status/all HTTP/1.1" 200 14981
::1 - - [06/Feb/2018:23:14:33 -0700] "GET /manager/status HTTP/1.1" 200 7446
::1 - - [06/Feb/2018:23:14:39 -0700] "GET /manager/status/all HTTP/1.1" 200 14598
::1 - - [06/Feb/2018:23:15:23 -0700] "GET / HTTP/1.1" 200 11432
::1 - - [06/Feb/2018:23:15:23 -0700] "GET /tomcat.png HTTP/1.1" 200 5103
::1 - - [06/Feb/2018:23:15:23 -0700] "GET /tomcat.css HTTP/1.1" 200 5931
::1 - - [06/Feb/2018:23:15:23 -0700] "GET /asf-logo-wide.svg HTTP/1.1" 200 27530
::1 - - [06/Feb/2018:23:15:23 -0700] "GET /bg-button.png HTTP/1.1" 200 713
::1 - - [06/Feb/2018:23:15:23 -0700] "GET /bg-upper.png HTTP/1.1" 200 3103
::1 - - [06/Feb/2018:23:15:23 -0700] "GET /bg-middle.png HTTP/1.1" 200 1918
::1 - - [06/Feb/2018:23:15:23 -0700] "GET /bg-nav.png HTTP/1.1" 200 1401
::1 - - [06/Feb/2018:23:15:34 -0700] "GET /manager/status HTTP/1.1" 401 2536
::1 - - [06/Feb/2018:23:15:45 -0700] "GET / HTTP/1.1" 200 11432
::1 - - [06/Feb/2018:23:15:54 -0700] "GET /manager/status HTTP/1.1" 200 7447
::1 - - [06/Feb/2018:23:15:54 -0700] "GET /manager/images/asf-logo.svg HTTP/1.1" 200 20712
::1 - - [06/Feb/2018:23:15:54 -0700] "GET /manager/images/tomcat.gif HTTP/1.1" 200 2066
::1 - - [06/Feb/2018:23:15:58 -0700] "GET /manager/status HTTP/1.1" 200 7447
::1 - - [06/Feb/2018:23:16:08 -0700] "GET /manager/status/all HTTP/1.1" 200 14985
::1 - - [06/Feb/2018:23:16:30 -0700] "GET / HTTP/1.1" 200 11432
::1 - - [06/Feb/2018:23:16:33 -0700] "GET /manager/status HTTP/1.1" 200 7448
::1 - - [06/Feb/2018:23:17:06 -0700] "GET / HTTP/1.1" 200 11432
::1 - - [06/Feb/2018:23:17:06 -0700] "GET /tomcat.css HTTP/1.1" 200 5931
::1 - - [06/Feb/2018:23:17:06 -0700] "GET /tomcat.png HTTP/1.1" 200 5103
::1 - - [06/Feb/2018:23:17:06 -0700] "GET /bg-nav.png HTTP/1.1" 200 1401
::1 - - [06/Feb/2018:23:17:06 -0700] "GET /asf-logo-wide.svg HTTP/1.1" 200 27530
::1 - - [06/Feb/2018:23:17:06 -0700] "GET /bg-button.png HTTP/1.1" 200 713
::1 - - [06/Feb/2018:23:17:06 -0700] "GET /bg-upper.png HTTP/1.1" 200 3103
::1 - - [06/Feb/2018:23:17:06 -0700] "GET /bg-middle.png HTTP/1.1" 200 1918
::1 - - [06/Feb/2018:23:17:17 -0700] "GET /manager/status HTTP/1.1" 401 2536
::1 - - [06/Feb/2018:23:17:23 -0700] "GET /manager/status HTTP/1.1" 200 7445
::1 - - [06/Feb/2018:23:17:23 -0700] "GET /manager/images/tomcat.gif HTTP/1.1" 200 2066
::1 - - [06/Feb/2018:23:17:23 -0700] "GET /manager/images/asf-logo.svg HTTP/1.1" 200 20712
::1 - - [06/Feb/2018:23:19:02 -0700] "GET /manager/status/all HTTP/1.1" 200 14981
::1 - - [06/Feb/2018:23:19:11 -0700] "GET /manager/status HTTP/1.1" 200 7446
::1 - - [06/Feb/2018:23:19:25 -0700] "GET /manager/status HTTP/1.1" 200 7448
::1 - - [06/Feb/2018:23:19:43 -0700] "GET /manager/status/all HTTP/1.1" 200 14985
::1 - - [07/Feb/2018:13:22:03 -0700] "GET / HTTP/1.1" 200 11432
::1 - - [07/Feb/2018:13:22:05 -0700] "GET /tomcat.png HTTP/1.1" 200 5103
::1 - - [07/Feb/2018:13:22:05 -0700] "GET /tomcat.css HTTP/1.1" 200 5931
::1 - - [07/Feb/2018:13:22:05 -0700] "GET /bg-nav.png HTTP/1.1" 200 1401
::1 - - [07/Feb/2018:13:22:05 -0700] "GET /bg-upper.png HTTP/1.1" 200 3103
::1 - - [07/Feb/2018:13:22:05 -0700] "GET /bg-button.png HTTP/1.1" 200 713
::1 - - [07/Feb/2018:13:22:05 -0700] "GET /asf-logo-wide.svg HTTP/1.1" 200 27530
::1 - - [07/Feb/2018:13:22:05 -0700] "GET /bg-middle.png HTTP/1.1" 200 1918
::1 - - [07/Feb/2018:13:22:07 -0700] "GET /manager/html HTTP/1.1" 401 2536
::1 - - [07/Feb/2018:13:22:09 -0700] "GET /manager/html HTTP/1.1" 200 16769
::1 - - [07/Feb/2018:13:22:09 -0700] "GET /manager/images/tomcat.gif HTTP/1.1" 200 2066
::1 - - [07/Feb/2018:13:22:09 -0700] "GET /manager/images/asf-logo.svg HTTP/1.1" 200 20712
::1 - - [07/Feb/2018:13:22:21 -0700] "GET / HTTP/1.1" 200 11432
::1 - - [07/Feb/2018:13:22:45 -0700] "GET /manager/html HTTP/1.1" 200 18529
::1 - - [07/Feb/2018:13:22:53 -0700] "GET /lab1/ HTTP/1.1" 404 1083
::1 - - [07/Feb/2018:13:48:50 -0700] "GET / HTTP/1.1" 200 18724
::1 - - [07/Feb/2018:13:48:53 -0700] "GET / HTTP/1.1" 304 -
::1 - - [07/Feb/2018:13:49:18 -0700] "GET / HTTP/1.1" 200 11432
::1 - - [07/Feb/2018:13:49:19 -0700] "GET /tomcat.css HTTP/1.1" 200 5931
::1 - - [07/Feb/2018:13:49:19 -0700] "GET /tomcat.png HTTP/1.1" 200 5103
::1 - - [07/Feb/2018:13:49:19 -0700] "GET /bg-upper.png HTTP/1.1" 200 3103
::1 - - [07/Feb/2018:13:49:19 -0700] "GET /bg-middle.png HTTP/1.1" 200 1918
::1 - - [07/Feb/2018:13:49:19 -0700] "GET /bg-button.png HTTP/1.1" 200 713
::1 - - [07/Feb/2018:13:49:19 -0700] "GET /bg-nav.png HTTP/1.1" 200 1401
::1 - - [07/Feb/2018:13:49:19 -0700] "GET /asf-logo-wide.svg HTTP/1.1" 200 27530
::1 - - [07/Feb/2018:13:49:22 -0700] "GET /manager/status HTTP/1.1" 401 2536
::1 - - [07/Feb/2018:13:49:25 -0700] "GET /manager/status HTTP/1.1" 200 7256
::1 - - [07/Feb/2018:13:49:26 -0700] "GET /manager/images/tomcat.gif HTTP/1.1" 200 2066
::1 - - [07/Feb/2018:13:49:26 -0700] "GET /manager/images/asf-logo.svg HTTP/1.1" 200 20712
::1 - - [07/Feb/2018:13:50:29 -0700] "GET / HTTP/1.1" 304 -
::1 - - [07/Feb/2018:13:50:49 -0700] "GET / HTTP/1.1" 200 11432
::1 - - [07/Feb/2018:13:50:49 -0700] "GET /tomcat.css HTTP/1.1" 200 5931
::1 - - [07/Feb/2018:13:50:49 -0700] "GET /tomcat.png HTTP/1.1" 200 5103
::1 - - [07/Feb/2018:13:50:49 -0700] "GET /asf-logo-wide.svg HTTP/1.1" 200 27530
::1 - - [07/Feb/2018:13:50:49 -0700] "GET /bg-nav.png HTTP/1.1" 200 1401
::1 - - [07/Feb/2018:13:50:49 -0700] "GET /bg-upper.png HTTP/1.1" 200 3103
::1 - - [07/Feb/2018:13:50:49 -0700] "GET /bg-button.png HTTP/1.1" 200 713
::1 - - [07/Feb/2018:13:50:49 -0700] "GET /bg-middle.png HTTP/1.1" 200 1918
::1 - - [07/Feb/2018:13:50:56 -0700] "GET / HTTP/1.1" 200 18724
::1 - - [07/Feb/2018:13:50:59 -0700] "GET / HTTP/1.1" 304 -
::1 - - [07/Feb/2018:13:51:24 -0700] "GET / HTTP/1.1" 200 11432
::1 - - [07/Feb/2018:13:51:50 -0700] "GET /manager/status HTTP/1.1" 401 2536
::1 - - [07/Feb/2018:13:51:53 -0700] "GET /manager/status HTTP/1.1" 200 7257
::1 - - [07/Feb/2018:13:51:53 -0700] "GET /manager/images/tomcat.gif HTTP/1.1" 200 2066
::1 - - [07/Feb/2018:13:51:53 -0700] "GET /manager/images/asf-logo.svg HTTP/1.1" 200 20712
::1 - - [07/Feb/2018:13:54:41 -0700] "GET /manager/status HTTP/1.1" 200 7257
::1 - - [07/Feb/2018:13:54:44 -0700] "GET / HTTP/1.1" 404 -
::1 - - [07/Feb/2018:13:54:45 -0700] "GET / HTTP/1.1" 404 -
::1 - - [07/Feb/2018:13:54:45 -0700] "GET / HTTP/1.1" 404 -
::1 - - [07/Feb/2018:13:54:46 -0700] "GET / HTTP/1.1" 404 -
::1 - - [07/Feb/2018:13:54:47 -0700] "GET / HTTP/1.1" 404 -
::1 - - [07/Feb/2018:13:55:03 -0700] "GET / HTTP/1.1" 200 18724
::1 - - [07/Feb/2018:13:56:03 -0700] "GET / HTTP/1.1" 304 -
::1 - - [07/Feb/2018:13:56:13 -0700] "GET / HTTP/1.1" 200 18724
::1 - - [07/Feb/2018:13:56:45 -0700] "GET / HTTP/1.1" 304 -
::1 - - [07/Feb/2018:13:57:00 -0700] "GET / HTTP/1.1" 200 18724
::1 - - [07/Feb/2018:13:57:22 -0700] "GET / HTTP/1.1" 200 18724
::1 - - [07/Feb/2018:13:58:50 -0700] "GET / HTTP/1.1" 304 -
::1 - - [07/Feb/2018:13:59:01 -0700] "GET / HTTP/1.1" 200 18756
::1 - - [07/Feb/2018:13:59:50 -0700] "-" 408 -
::1 - - [07/Feb/2018:14:13:41 -0700] "GET / HTTP/1.1" 304 -
::1 - - [07/Feb/2018:14:13:52 -0700] "GET / HTTP/1.1" 200 18756
127.0.0.1 - - [07/Feb/2018:14:14:41 -0700] "-" 408 -
127.0.0.1 - - [07/Feb/2018:14:14:41 -0700] "-" 408 -
